  [1m[35m (1.7ms)[0m  [1m[35mCREATE TABLE "schema_migrations" ("version" varchar NOT NULL PRIMARY KEY)[0m
  [1m[35m (0.2ms)[0m  [1m[35mCREATE TABLE "ar_internal_metadata" ("key" varchar NOT NULL PRIMARY KEY, "value" varchar, "created_at" datetime(6) NOT NULL, "updated_at" datetime(6) NOT NULL)[0m
  [1m[36mActiveRecord::InternalMetadata Load (0.1ms)[0m  [1m[34mSELECT * FROM "ar_internal_metadata" WHERE "ar_internal_metadata"."key" = ? ORDER BY "ar_internal_metadata"."key" ASC LIMIT 1[0m  [[nil, "environment"]]
  [1m[36mActiveRecord::InternalMetadata Create (0.2ms)[0m  [1m[32mINSERT INTO "ar_internal_metadata" ("key", "value", "created_at", "updated_at") VALUES ('environment', 'development', '2024-10-06 15:11:15.431066', '2024-10-06 15:11:15.431068') RETURNING "key"[0m
  [1m[36mActiveRecord::SchemaMigration Load (0.1ms)[0m  [1m[34mSELECT "schema_migrations"."version" FROM "schema_migrations" ORDER BY "schema_migrations"."version" ASC[0m
Migrating to CreateStories (20241006151025)
  [1m[36mTRANSACTION (0.0ms)[0m  [1m[36mbegin transaction[0m
  [1m[35m (1.0ms)[0m  [1m[35mCREATE TABLE "stories" ("id" integer PRIMARY KEY AUTOINCREMENT NOT NULL, "name" varchar, "created_at" datetime(6) NOT NULL, "updated_at" datetime(6) NOT NULL)[0m
  [1m[36mActiveRecord::SchemaMigration Create (0.1ms)[0m  [1m[32mINSERT INTO "schema_migrations" ("version") VALUES ('20241006151025') RETURNING "version"[0m
  [1m[36mTRANSACTION (0.1ms)[0m  [1m[36mcommit transaction[0m
  [1m[36mActiveRecord::SchemaMigration Load (0.1ms)[0m  [1m[34mSELECT "schema_migrations"."version" FROM "schema_migrations" ORDER BY "schema_migrations"."version" ASC[0m
  [1m[36mActiveRecord::InternalMetadata Load (0.8ms)[0m  [1m[34mSELECT * FROM "ar_internal_metadata" WHERE "ar_internal_metadata"."key" = ? ORDER BY "ar_internal_metadata"."key" ASC LIMIT 1[0m  [[nil, "environment"]]
  [1m[36mActiveRecord::SchemaMigration Load (0.2ms)[0m  [1m[34mSELECT "schema_migrations"."version" FROM "schema_migrations" ORDER BY "schema_migrations"."version" ASC[0m
Migrating to AddAuthorToStory (20241006152035)
  [1m[36mTRANSACTION (0.1ms)[0m  [1m[36mbegin transaction[0m
  [1m[35m (3.2ms)[0m  [1m[35mALTER TABLE "stories" ADD "author" varchar[0m
  [1m[36mActiveRecord::SchemaMigration Create (0.9ms)[0m  [1m[32mINSERT INTO "schema_migrations" ("version") VALUES ('20241006152035') RETURNING "version"[0m
  [1m[36mTRANSACTION (0.9ms)[0m  [1m[36mcommit transaction[0m
  [1m[36mActiveRecord::SchemaMigration Load (0.1ms)[0m  [1m[34mSELECT "schema_migrations"."version" FROM "schema_migrations" ORDER BY "schema_migrations"."version" ASC[0m
Started GET "/" for ::1 at 2024-10-06 18:26:21 +0300
  [1m[36mActiveRecord::SchemaMigration Load (0.8ms)[0m  [1m[34mSELECT "schema_migrations"."version" FROM "schema_migrations" ORDER BY "schema_migrations"."version" ASC[0m
Processing by StoriesController#index as HTML
  Rendering layout layouts/application.html.erb
  Rendering stories/index.html.erb within layouts/application
  [1m[36mStory Load (4.2ms)[0m  [1m[34mSELECT "stories".* FROM "stories"[0m
  ↳ app/views/stories/index.html.erb:8
  Rendered stories/index.html.erb within layouts/application (Duration: 11.6ms | GC: 0.0ms)
  Rendered layout layouts/application.html.erb (Duration: 567.0ms | GC: 103.2ms)
Completed 200 OK in 710ms (Views: 576.7ms | ActiveRecord: 4.3ms (1 query, 0 cached) | GC: 103.2ms)


Started GET "/manifest.json" for ::1 at 2024-10-06 18:26:22 +0300
Processing by Rails::PwaController#manifest as JSON
  Rendering pwa/manifest.json.erb
  Rendered pwa/manifest.json.erb (Duration: 0.4ms | GC: 0.0ms)
Completed 200 OK in 3ms (Views: 2.2ms | ActiveRecord: 0.0ms (0 queries, 0 cached) | GC: 0.0ms)


Started GET "/stories/new" for ::1 at 2024-10-06 18:26:24 +0300
Processing by StoriesController#new as HTML
  Rendering layout layouts/application.html.erb
  Rendering stories/new.html.erb within layouts/application
  Rendered stories/_form.html.erb (Duration: 52.9ms | GC: 0.0ms)
  Rendered stories/new.html.erb within layouts/application (Duration: 55.1ms | GC: 0.0ms)
  Rendered layout layouts/application.html.erb (Duration: 57.2ms | GC: 0.0ms)
Completed 200 OK in 70ms (Views: 57.6ms | ActiveRecord: 0.4ms (0 queries, 0 cached) | GC: 0.6ms)


Started POST "/stories" for ::1 at 2024-10-06 18:26:29 +0300
Processing by StoriesController#create as TURBO_STREAM
  Parameters: {"authenticity_token"=>"[FILTERED]", "story"=>{"name"=>"SULA"}, "commit"=>"Create Story"}
  [1m[36mTRANSACTION (0.1ms)[0m  [1m[36mbegin transaction[0m
  ↳ app/controllers/stories_controller.rb:27:in `block in create'
  [1m[36mStory Create (1.3ms)[0m  [1m[32mINSERT INTO "stories" ("name", "created_at", "updated_at", "author") VALUES (?, ?, ?, ?) RETURNING "id"[0m  [["name", "SULA"], ["created_at", "2024-10-06 15:26:29.659829"], ["updated_at", "2024-10-06 15:26:29.659829"], ["author", nil]]
  ↳ app/controllers/stories_controller.rb:27:in `block in create'
  [1m[36mTRANSACTION (1.1ms)[0m  [1m[36mcommit transaction[0m
  ↳ app/controllers/stories_controller.rb:27:in `block in create'
Redirected to http://localhost:3000/stories/1
Completed 302 Found in 9ms (ActiveRecord: 2.4ms (1 query, 0 cached) | GC: 0.0ms)


Started GET "/stories/1" for ::1 at 2024-10-06 18:26:29 +0300
Processing by StoriesController#show as TURBO_STREAM
  Parameters: {"id"=>"1"}
  [1m[36mStory Load (0.1ms)[0m  [1m[34mSELECT "stories".* FROM "stories" WHERE "stories"."id" = ? LIMIT ?[0m  [["id", 1], ["LIMIT", 1]]
  ↳ app/controllers/stories_controller.rb:63:in `set_story'
  Rendering layout layouts/application.html.erb
  Rendering stories/show.html.erb within layouts/application
  Rendered stories/_story.html.erb (Duration: 0.6ms | GC: 0.0ms)
  Rendered stories/show.html.erb within layouts/application (Duration: 22.1ms | GC: 8.7ms)
  Rendered layout layouts/application.html.erb (Duration: 24.0ms | GC: 8.7ms)
Completed 200 OK in 34ms (Views: 24.4ms | ActiveRecord: 0.1ms (1 query, 0 cached) | GC: 8.7ms)


Started GET "/stories/1/edit" for ::1 at 2024-10-06 18:26:31 +0300
Processing by StoriesController#edit as HTML
  Parameters: {"id"=>"1"}
  [1m[36mStory Load (0.1ms)[0m  [1m[34mSELECT "stories".* FROM "stories" WHERE "stories"."id" = ? LIMIT ?[0m  [["id", 1], ["LIMIT", 1]]
  ↳ app/controllers/stories_controller.rb:63:in `set_story'
  Rendering layout layouts/application.html.erb
  Rendering stories/edit.html.erb within layouts/application
  Rendered stories/_form.html.erb (Duration: 1.9ms | GC: 0.6ms)
  Rendered stories/edit.html.erb within layouts/application (Duration: 3.5ms | GC: 0.6ms)
  Rendered layout layouts/application.html.erb (Duration: 5.6ms | GC: 0.6ms)
Completed 200 OK in 12ms (Views: 7.6ms | ActiveRecord: 0.1ms (1 query, 0 cached) | GC: 0.6ms)


Started GET "/stories/1/edit" for ::1 at 2024-10-06 18:26:32 +0300
Processing by StoriesController#edit as HTML
  Parameters: {"id"=>"1"}
  [1m[36mStory Load (0.1ms)[0m  [1m[34mSELECT "stories".* FROM "stories" WHERE "stories"."id" = ? LIMIT ?[0m  [["id", 1], ["LIMIT", 1]]
  ↳ app/controllers/stories_controller.rb:63:in `set_story'
  Rendering layout layouts/application.html.erb
  Rendering stories/edit.html.erb within layouts/application
  Rendered stories/_form.html.erb (Duration: 1.2ms | GC: 0.3ms)
  Rendered stories/edit.html.erb within layouts/application (Duration: 1.4ms | GC: 0.3ms)
  Rendered layout layouts/application.html.erb (Duration: 2.9ms | GC: 0.3ms)
Completed 200 OK in 5ms (Views: 3.6ms | ActiveRecord: 0.1ms (1 query, 0 cached) | GC: 0.3ms)


Started DELETE "/stories/1" for ::1 at 2024-10-06 18:26:46 +0300
Processing by StoriesController#destroy as TURBO_STREAM
  Parameters: {"authenticity_token"=>"[FILTERED]", "id"=>"1"}
  [1m[36mStory Load (0.1ms)[0m  [1m[34mSELECT "stories".* FROM "stories" WHERE "stories"."id" = ? LIMIT ?[0m  [["id", 1], ["LIMIT", 1]]
  ↳ app/controllers/stories_controller.rb:63:in `set_story'
  [1m[36mTRANSACTION (0.0ms)[0m  [1m[36mbegin transaction[0m
  ↳ app/controllers/stories_controller.rb:52:in `destroy'
  [1m[36mStory Destroy (4.0ms)[0m  [1m[31mDELETE FROM "stories" WHERE "stories"."id" = ?[0m  [["id", 1]]
  ↳ app/controllers/stories_controller.rb:52:in `destroy'
  [1m[36mTRANSACTION (0.2ms)[0m  [1m[36mcommit transaction[0m
  ↳ app/controllers/stories_controller.rb:52:in `destroy'
Redirected to http://localhost:3000/stories
Completed 303 See Other in 9ms (ActiveRecord: 4.2ms (2 queries, 0 cached) | GC: 0.3ms)


Started GET "/stories" for ::1 at 2024-10-06 18:26:46 +0300
Processing by StoriesController#index as TURBO_STREAM
  Rendering layout layouts/application.html.erb
  Rendering stories/index.html.erb within layouts/application
  [1m[36mStory Load (0.1ms)[0m  [1m[34mSELECT "stories".* FROM "stories"[0m
  ↳ app/views/stories/index.html.erb:8
  Rendered stories/index.html.erb within layouts/application (Duration: 2.2ms | GC: 0.0ms)
  Rendered layout layouts/application.html.erb (Duration: 5.1ms | GC: 0.0ms)
Completed 200 OK in 7ms (Views: 5.6ms | ActiveRecord: 0.1ms (1 query, 0 cached) | GC: 0.0ms)


Started GET "/stories" for ::1 at 2024-10-06 18:30:33 +0300
Processing by StoriesController#index as HTML
  Rendering layout layouts/application.html.erb
  Rendering stories/index.html.erb within layouts/application
  [1m[36mStory Load (1.0ms)[0m  [1m[34mSELECT "stories".* FROM "stories"[0m
  ↳ app/views/stories/index.html.erb:8
  Rendered stories/index.html.erb within layouts/application (Duration: 3.4ms | GC: 0.0ms)
  Rendered layout layouts/application.html.erb (Duration: 23.6ms | GC: 1.1ms)
Completed 200 OK in 34ms (Views: 27.3ms | ActiveRecord: 1.0ms (1 query, 0 cached) | GC: 2.2ms)


Started GET "/manifest.json" for ::1 at 2024-10-06 18:30:33 +0300
Processing by Rails::PwaController#manifest as JSON
  Rendering pwa/manifest.json.erb
  Rendered pwa/manifest.json.erb (Duration: 1.6ms | GC: 0.0ms)
Completed 200 OK in 5ms (Views: 3.7ms | ActiveRecord: 0.0ms (0 queries, 0 cached) | GC: 0.0ms)


Started GET "/stories/new" for ::1 at 2024-10-06 18:30:34 +0300
Processing by StoriesController#new as HTML
  Rendering layout layouts/application.html.erb
  Rendering stories/new.html.erb within layouts/application
  Rendered stories/_form.html.erb (Duration: 2.2ms | GC: 0.0ms)
  Rendered stories/new.html.erb within layouts/application (Duration: 4.2ms | GC: 0.0ms)
  Rendered layout layouts/application.html.erb (Duration: 11.0ms | GC: 0.0ms)
Completed 200 OK in 29ms (Views: 11.7ms | ActiveRecord: 1.0ms (0 queries, 0 cached) | GC: 0.0ms)


Started POST "/stories" for ::1 at 2024-10-06 18:30:38 +0300
Processing by StoriesController#create as TURBO_STREAM
  Parameters: {"authenticity_token"=>"[FILTERED]", "story"=>{"name"=>"SULA"}, "commit"=>"Create Story"}
  Rendering layout layouts/application.html.erb
  Rendering stories/new.html.erb within layouts/application
  Rendered stories/_form.html.erb (Duration: 0.9ms | GC: 0.0ms)
  Rendered stories/new.html.erb within layouts/application (Duration: 1.2ms | GC: 0.0ms)
  Rendered layout layouts/application.html.erb (Duration: 3.5ms | GC: 0.0ms)
Completed 422 Unprocessable Content in 6ms (Views: 3.8ms | ActiveRecord: 0.0ms (0 queries, 0 cached) | GC: 0.0ms)


Started GET "/stories/new" for ::1 at 2024-10-06 18:31:44 +0300
Processing by StoriesController#new as HTML
  Rendering layout layouts/application.html.erb
  Rendering stories/new.html.erb within layouts/application
  Rendered stories/_form.html.erb (Duration: 2.9ms | GC: 0.0ms)
  Rendered stories/new.html.erb within layouts/application (Duration: 5.2ms | GC: 0.2ms)
  Rendered layout layouts/application.html.erb (Duration: 33.3ms | GC: 0.2ms)
Completed 200 OK in 46ms (Views: 36.0ms | ActiveRecord: 1.2ms (0 queries, 0 cached) | GC: 0.2ms)


Started GET "/manifest.json" for ::1 at 2024-10-06 18:31:44 +0300
Processing by Rails::PwaController#manifest as JSON
  Rendering pwa/manifest.json.erb
  Rendered pwa/manifest.json.erb (Duration: 0.3ms | GC: 0.0ms)
Completed 200 OK in 2ms (Views: 1.5ms | ActiveRecord: 0.0ms (0 queries, 0 cached) | GC: 0.0ms)


Started POST "/stories" for ::1 at 2024-10-06 18:31:50 +0300
Processing by StoriesController#create as TURBO_STREAM
  Parameters: {"authenticity_token"=>"[FILTERED]", "story"=>{"name"=>"SULA", "author"=>"dfdf"}, "commit"=>"Create Story"}
  [1m[36mTRANSACTION (0.1ms)[0m  [1m[36mbegin transaction[0m
  ↳ app/controllers/stories_controller.rb:27:in `block in create'
  [1m[36mStory Create (1.4ms)[0m  [1m[32mINSERT INTO "stories" ("name", "created_at", "updated_at", "author") VALUES (?, ?, ?, ?) RETURNING "id"[0m  [["name", "SULA"], ["created_at", "2024-10-06 15:31:50.950823"], ["updated_at", "2024-10-06 15:31:50.950823"], ["author", "dfdf"]]
  ↳ app/controllers/stories_controller.rb:27:in `block in create'
  [1m[36mTRANSACTION (3.9ms)[0m  [1m[36mcommit transaction[0m
  ↳ app/controllers/stories_controller.rb:27:in `block in create'
Redirected to http://localhost:3000/stories/2
Completed 302 Found in 16ms (ActiveRecord: 5.4ms (1 query, 0 cached) | GC: 0.0ms)


Started GET "/stories/2" for ::1 at 2024-10-06 18:31:50 +0300
Processing by StoriesController#show as TURBO_STREAM
  Parameters: {"id"=>"2"}
  [1m[36mStory Load (0.1ms)[0m  [1m[34mSELECT "stories".* FROM "stories" WHERE "stories"."id" = ? LIMIT ?[0m  [["id", 2], ["LIMIT", 1]]
  ↳ app/controllers/stories_controller.rb:63:in `set_story'
  Rendering layout layouts/application.html.erb
  Rendering stories/show.html.erb within layouts/application
  Rendered stories/_story.html.erb (Duration: 0.3ms | GC: 0.0ms)
  Rendered stories/show.html.erb within layouts/application (Duration: 3.5ms | GC: 0.0ms)
  Rendered layout layouts/application.html.erb (Duration: 5.9ms | GC: 0.3ms)
Completed 200 OK in 10ms (Views: 6.4ms | ActiveRecord: 0.1ms (1 query, 0 cached) | GC: 0.3ms)


Started GET "/stories" for ::1 at 2024-10-06 18:31:56 +0300
Processing by StoriesController#index as HTML
  Rendering layout layouts/application.html.erb
  Rendering stories/index.html.erb within layouts/application
  [1m[36mStory Load (0.1ms)[0m  [1m[34mSELECT "stories".* FROM "stories"[0m
  ↳ app/views/stories/index.html.erb:8
  Rendered stories/_story.html.erb (Duration: 0.1ms | GC: 0.0ms)
  Rendered stories/index.html.erb within layouts/application (Duration: 2.1ms | GC: 0.0ms)
  Rendered layout layouts/application.html.erb (Duration: 3.6ms | GC: 0.0ms)
Completed 200 OK in 5ms (Views: 3.8ms | ActiveRecord: 0.1ms (1 query, 0 cached) | GC: 0.0ms)


Started GET "/stories/2" for ::1 at 2024-10-06 18:32:00 +0300
Processing by StoriesController#show as HTML
  Parameters: {"id"=>"2"}
  [1m[36mStory Load (0.1ms)[0m  [1m[34mSELECT "stories".* FROM "stories" WHERE "stories"."id" = ? LIMIT ?[0m  [["id", 2], ["LIMIT", 1]]
  ↳ app/controllers/stories_controller.rb:63:in `set_story'
  Rendering layout layouts/application.html.erb
  Rendering stories/show.html.erb within layouts/application
  Rendered stories/_story.html.erb (Duration: 0.1ms | GC: 0.0ms)
  Rendered stories/show.html.erb within layouts/application (Duration: 0.9ms | GC: 0.0ms)
  Rendered layout layouts/application.html.erb (Duration: 2.4ms | GC: 0.0ms)
Completed 200 OK in 4ms (Views: 2.7ms | ActiveRecord: 0.1ms (1 query, 0 cached) | GC: 0.0ms)


Started GET "/stories/2" for ::1 at 2024-10-06 18:32:27 +0300
Processing by StoriesController#show as HTML
  Parameters: {"id"=>"2"}
  [1m[36mStory Load (0.1ms)[0m  [1m[34mSELECT "stories".* FROM "stories" WHERE "stories"."id" = ? LIMIT ?[0m  [["id", 2], ["LIMIT", 1]]
  ↳ app/controllers/stories_controller.rb:63:in `set_story'
  Rendering layout layouts/application.html.erb
  Rendering stories/show.html.erb within layouts/application
  Rendered stories/_story.html.erb (Duration: 0.5ms | GC: 0.0ms)
  Rendered stories/show.html.erb within layouts/application (Duration: 3.0ms | GC: 0.0ms)
  Rendered layout layouts/application.html.erb (Duration: 25.7ms | GC: 0.9ms)
Completed 200 OK in 36ms (Views: 27.2ms | ActiveRecord: 1.2ms (1 query, 0 cached) | GC: 1.2ms)


Started GET "/manifest.json" for ::1 at 2024-10-06 18:32:28 +0300
Processing by Rails::PwaController#manifest as JSON
  Rendering pwa/manifest.json.erb
  Rendered pwa/manifest.json.erb (Duration: 0.3ms | GC: 0.0ms)
Completed 200 OK in 2ms (Views: 1.3ms | ActiveRecord: 0.0ms (0 queries, 0 cached) | GC: 0.0ms)


Started GET "/stories/2" for ::1 at 2024-10-06 18:32:52 +0300
Processing by StoriesController#show as HTML
  Parameters: {"id"=>"2"}
  [1m[36mStory Load (0.1ms)[0m  [1m[34mSELECT "stories".* FROM "stories" WHERE "stories"."id" = ? LIMIT ?[0m  [["id", 2], ["LIMIT", 1]]
  ↳ app/controllers/stories_controller.rb:63:in `set_story'
  Rendering layout layouts/application.html.erb
  Rendering stories/show.html.erb within layouts/application
  Rendered stories/_story.html.erb (Duration: 0.3ms | GC: 0.0ms)
  Rendered stories/show.html.erb within layouts/application (Duration: 3.8ms | GC: 0.0ms)
  Rendered layout layouts/application.html.erb (Duration: 29.1ms | GC: 0.3ms)
Completed 200 OK in 46ms (Views: 31.3ms | ActiveRecord: 2.0ms (1 query, 0 cached) | GC: 0.9ms)


Started GET "/manifest.json" for ::1 at 2024-10-06 18:32:52 +0300
Processing by Rails::PwaController#manifest as JSON
  Rendering pwa/manifest.json.erb
  Rendered pwa/manifest.json.erb (Duration: 0.7ms | GC: 0.0ms)
Completed 200 OK in 3ms (Views: 2.4ms | ActiveRecord: 0.0ms (0 queries, 0 cached) | GC: 0.0ms)


Started GET "/stories/2" for ::1 at 2024-10-06 18:33:12 +0300
Processing by StoriesController#show as HTML
  Parameters: {"id"=>"2"}
  [1m[36mStory Load (0.3ms)[0m  [1m[34mSELECT "stories".* FROM "stories" WHERE "stories"."id" = ? LIMIT ?[0m  [["id", 2], ["LIMIT", 1]]
  ↳ app/controllers/stories_controller.rb:63:in `set_story'
  Rendering layout layouts/application.html.erb
  Rendering stories/show.html.erb within layouts/application
  Rendered stories/_story.html.erb (Duration: 0.7ms | GC: 0.0ms)
  Rendered stories/show.html.erb within layouts/application (Duration: 9.8ms | GC: 0.0ms)
  Rendered layout layouts/application.html.erb (Duration: 34.6ms | GC: 0.1ms)
Completed 200 OK in 57ms (Views: 38.1ms | ActiveRecord: 2.3ms (1 query, 0 cached) | GC: 0.4ms)


Started GET "/manifest.json" for ::1 at 2024-10-06 18:33:13 +0300
Processing by Rails::PwaController#manifest as JSON
  Rendering pwa/manifest.json.erb
  Rendered pwa/manifest.json.erb (Duration: 0.3ms | GC: 0.0ms)
Completed 200 OK in 2ms (Views: 1.3ms | ActiveRecord: 0.0ms (0 queries, 0 cached) | GC: 0.0ms)


  [1m[36mActiveRecord::InternalMetadata Load (0.2ms)[0m  [1m[34mSELECT * FROM "ar_internal_metadata" WHERE "ar_internal_metadata"."key" = ? ORDER BY "ar_internal_metadata"."key" ASC LIMIT 1[0m  [[nil, "environment"]]
  [1m[36mActiveRecord::SchemaMigration Load (0.1ms)[0m  [1m[34mSELECT "schema_migrations"."version" FROM "schema_migrations" ORDER BY "schema_migrations"."version" ASC[0m
Migrating to CreateDescriptions (20241006153448)
  [1m[36mTRANSACTION (0.0ms)[0m  [1m[36mbegin transaction[0m
  [1m[35m (1.7ms)[0m  [1m[35mCREATE TABLE "descriptions" ("id" integer PRIMARY KEY AUTOINCREMENT NOT NULL, "body" text, "story_id" integer NOT NULL, "created_at" datetime(6) NOT NULL, "updated_at" datetime(6) NOT NULL, CONSTRAINT "fk_rails_4432b4bd56"
FOREIGN KEY ("story_id")
  REFERENCES "stories" ("id")
)[0m
  [1m[35m (0.2ms)[0m  [1m[35mCREATE INDEX "index_descriptions_on_story_id" ON "descriptions" ("story_id")[0m
  [1m[36mActiveRecord::SchemaMigration Create (0.2ms)[0m  [1m[32mINSERT INTO "schema_migrations" ("version") VALUES ('20241006153448') RETURNING "version"[0m
  [1m[36mTRANSACTION (1.3ms)[0m  [1m[36mcommit transaction[0m
  [1m[36mActiveRecord::SchemaMigration Load (0.1ms)[0m  [1m[34mSELECT "schema_migrations"."version" FROM "schema_migrations" ORDER BY "schema_migrations"."version" ASC[0m
Started GET "/stories/2" for ::1 at 2024-10-06 18:41:45 +0300
  [1m[36mActiveRecord::SchemaMigration Load (0.6ms)[0m  [1m[34mSELECT "schema_migrations"."version" FROM "schema_migrations" ORDER BY "schema_migrations"."version" ASC[0m
Processing by StoriesController#show as HTML
  Parameters: {"id"=>"2"}
  [1m[36mStory Load (0.5ms)[0m  [1m[34mSELECT "stories".* FROM "stories" WHERE "stories"."id" = ? LIMIT ?[0m  [["id", 2], ["LIMIT", 1]]
  ↳ app/controllers/stories_controller.rb:63:in `set_story'
  Rendering layout layouts/application.html.erb
  Rendering stories/show.html.erb within layouts/application
  Rendered stories/_story.html.erb (Duration: 4.6ms | GC: 0.0ms)
  Rendered stories/show.html.erb within layouts/application (Duration: 18.3ms | GC: 0.0ms)
  Rendered layout layouts/application.html.erb (Duration: 18.6ms | GC: 0.0ms)
Completed 500 Internal Server Error in 123ms (ActiveRecord: 2.2ms (1 query, 0 cached) | GC: 7.6ms)


  
ActionView::Template::Error (undefined local variable or method `description' for an instance of #<Class:0x00000001201b6fe0>):

Causes:
NameError (undefined local variable or method `description' for an instance of #<Class:0x00000001201b6fe0>)
     7:     <%= story.author %>
     8: 
     9:     <strong>About:</strong>
    10:     <%= description.body %>    
    11:   </p>
    12: 
    13: </div>
  
app/views/stories/_story.html.erb:10
app/views/stories/show.html.erb:3
Started GET "/favicon.ico" for ::1 at 2024-10-06 18:41:46 +0300
  
ActionController::RoutingError (No route matches [GET] "/favicon.ico"):
  
Started GET "/stories/2" for ::1 at 2024-10-06 18:43:27 +0300
Processing by StoriesController#show as HTML
  Parameters: {"id"=>"2"}
  [1m[36mStory Load (0.1ms)[0m  [1m[34mSELECT "stories".* FROM "stories" WHERE "stories"."id" = ? LIMIT ?[0m  [["id", 2], ["LIMIT", 1]]
  ↳ app/controllers/stories_controller.rb:63:in `set_story'
  Rendering layout layouts/application.html.erb
  Rendering stories/show.html.erb within layouts/application
  Rendered stories/_story.html.erb (Duration: 0.6ms | GC: 0.0ms)
  Rendered stories/show.html.erb within layouts/application (Duration: 2.1ms | GC: 0.0ms)
  Rendered layout layouts/application.html.erb (Duration: 2.4ms | GC: 0.0ms)
Completed 500 Internal Server Error in 23ms (ActiveRecord: 2.1ms (1 query, 0 cached) | GC: 0.5ms)


  
ActionView::Template::Error (undefined method `body' for nil):

Causes:
NoMethodError (undefined method `body' for nil)
     7:     <%= story.author %>
     8: 
     9:     <strong>About:</strong>
    10:     <%= @description.body %>    
    11:   </p>
    12: 
    13: </div>
  
app/views/stories/_story.html.erb:10
app/views/stories/show.html.erb:3
Started GET "/stories/2" for ::1 at 2024-10-06 18:45:58 +0300
Processing by StoriesController#show as HTML
  Parameters: {"id"=>"2"}
  [1m[36mStory Load (0.2ms)[0m  [1m[34mSELECT "stories".* FROM "stories" WHERE "stories"."id" = ? LIMIT ?[0m  [["id", 2], ["LIMIT", 1]]
  ↳ app/controllers/stories_controller.rb:63:in `set_story'
  Rendering layout layouts/application.html.erb
  Rendering stories/show.html.erb within layouts/application
  Rendered stories/_story.html.erb (Duration: 0.3ms | GC: 0.0ms)
  Rendered stories/show.html.erb within layouts/application (Duration: 4.3ms | GC: 0.0ms)
  Rendered layout layouts/application.html.erb (Duration: 113.4ms | GC: 4.4ms)
Completed 200 OK in 169ms (Views: 121.6ms | ActiveRecord: 2.4ms (1 query, 0 cached) | GC: 23.2ms)


Started GET "/manifest.json" for ::1 at 2024-10-06 18:45:59 +0300
Processing by Rails::PwaController#manifest as JSON
  Rendering pwa/manifest.json.erb
  Rendered pwa/manifest.json.erb (Duration: 0.6ms | GC: 0.0ms)
Completed 200 OK in 3ms (Views: 2.5ms | ActiveRecord: 0.0ms (0 queries, 0 cached) | GC: 0.0ms)


Started GET "/stories/2/edit" for ::1 at 2024-10-06 18:46:01 +0300
Processing by StoriesController#edit as HTML
  Parameters: {"id"=>"2"}
  [1m[36mStory Load (0.1ms)[0m  [1m[34mSELECT "stories".* FROM "stories" WHERE "stories"."id" = ? LIMIT ?[0m  [["id", 2], ["LIMIT", 1]]
  ↳ app/controllers/stories_controller.rb:63:in `set_story'
  Rendering layout layouts/application.html.erb
  Rendering stories/edit.html.erb within layouts/application
  Rendered stories/_form.html.erb (Duration: 9.0ms | GC: 0.0ms)
  Rendered stories/edit.html.erb within layouts/application (Duration: 11.1ms | GC: 0.0ms)
  Rendered layout layouts/application.html.erb (Duration: 13.0ms | GC: 0.0ms)
Completed 200 OK in 16ms (Views: 13.5ms | ActiveRecord: 0.1ms (1 query, 0 cached) | GC: 0.0ms)


Started GET "/stories" for ::1 at 2024-10-06 18:46:02 +0300
Processing by StoriesController#index as HTML
  Rendering layout layouts/application.html.erb
  Rendering stories/index.html.erb within layouts/application
  [1m[36mStory Load (0.1ms)[0m  [1m[34mSELECT "stories".* FROM "stories"[0m
  ↳ app/views/stories/index.html.erb:8
  Rendered stories/_story.html.erb (Duration: 0.1ms | GC: 0.0ms)
  Rendered stories/index.html.erb within layouts/application (Duration: 2.5ms | GC: 0.0ms)
  Rendered layout layouts/application.html.erb (Duration: 15.2ms | GC: 5.8ms)
Completed 200 OK in 20ms (Views: 15.6ms | ActiveRecord: 0.1ms (1 query, 0 cached) | GC: 5.8ms)


Started GET "/stories" for ::1 at 2024-10-06 18:56:28 +0300
  [1m[36mActiveRecord::SchemaMigration Load (0.8ms)[0m  [1m[34mSELECT "schema_migrations"."version" FROM "schema_migrations" ORDER BY "schema_migrations"."version" ASC[0m
Processing by StoriesController#index as HTML
  Rendering layout layouts/application.html.erb
  Rendering stories/index.html.erb within layouts/application
  [1m[36mStory Load (1.7ms)[0m  [1m[34mSELECT "stories".* FROM "stories"[0m
  ↳ app/views/stories/index.html.erb:8
  Rendered stories/_story.html.erb (Duration: 4.0ms | GC: 0.0ms)
  Rendered stories/index.html.erb within layouts/application (Duration: 31.6ms | GC: 0.0ms)
  Rendered layout layouts/application.html.erb (Duration: 186.2ms | GC: 26.1ms)
Completed 200 OK in 253ms (Views: 190.2ms | ActiveRecord: 2.4ms (1 query, 0 cached) | GC: 26.1ms)


Started GET "/manifest.json" for ::1 at 2024-10-06 18:56:28 +0300
Processing by Rails::PwaController#manifest as JSON
  Rendering pwa/manifest.json.erb
  Rendered pwa/manifest.json.erb (Duration: 0.7ms | GC: 0.0ms)
Completed 200 OK in 3ms (Views: 2.3ms | ActiveRecord: 0.0ms (0 queries, 0 cached) | GC: 0.0ms)


Started GET "/stories/2" for ::1 at 2024-10-06 18:56:29 +0300
Processing by StoriesController#show as HTML
  Parameters: {"id"=>"2"}
  [1m[36mStory Load (0.2ms)[0m  [1m[34mSELECT "stories".* FROM "stories" WHERE "stories"."id" = ? LIMIT ?[0m  [["id", 2], ["LIMIT", 1]]
  ↳ app/controllers/stories_controller.rb:63:in `set_story'
  Rendering layout layouts/application.html.erb
  Rendering stories/show.html.erb within layouts/application
  Rendered stories/_story.html.erb (Duration: 0.2ms | GC: 0.0ms)
  [1m[36mDescription Load (0.1ms)[0m  [1m[34mSELECT "descriptions".* FROM "descriptions" WHERE "descriptions"."story_id" = ? LIMIT ?[0m  [["story_id", 2], ["LIMIT", 1]]
  ↳ app/views/stories/show.html.erb:14
  Rendered stories/show.html.erb within layouts/application (Duration: 50.8ms | GC: 0.0ms)
  Rendered layout layouts/application.html.erb (Duration: 51.2ms | GC: 0.0ms)
Completed 500 Internal Server Error in 61ms (ActiveRecord: 0.7ms (2 queries, 0 cached) | GC: 0.0ms)


  
ActionView::Template::Error (undefined method `build' for nil):

Causes:
NoMethodError (undefined method `build' for nil)
    11: 
    12: <h2>Add description to story:</h2>
    13: 
    14: <%= form_for([@story, @story.description.build]) do |f|%>
    15:   <div class="field">
    16:     <%= f.text_field :body %>
    17:   </div>
  
app/views/stories/show.html.erb:14
Started GET "/stories/new" for ::1 at 2024-10-06 18:56:30 +0300
Processing by StoriesController#new as HTML
  Rendering layout layouts/application.html.erb
  Rendering stories/new.html.erb within layouts/application
  Rendered stories/_form.html.erb (Duration: 6.9ms | GC: 0.0ms)
  Rendered stories/new.html.erb within layouts/application (Duration: 8.8ms | GC: 0.0ms)
  Rendered layout layouts/application.html.erb (Duration: 15.0ms | GC: 0.0ms)
Completed 200 OK in 17ms (Views: 15.5ms | ActiveRecord: 0.0ms (0 queries, 0 cached) | GC: 0.0ms)


Started POST "/stories" for ::1 at 2024-10-06 18:56:34 +0300
Processing by StoriesController#create as TURBO_STREAM
  Parameters: {"authenticity_token"=>"[FILTERED]", "story"=>{"name"=>"SULA", "author"=>"dfdf"}, "commit"=>"Create Story"}
  [1m[36mTRANSACTION (0.1ms)[0m  [1m[36mbegin transaction[0m
  ↳ app/controllers/stories_controller.rb:27:in `block in create'
  [1m[36mStory Create (2.3ms)[0m  [1m[32mINSERT INTO "stories" ("name", "created_at", "updated_at", "author") VALUES (?, ?, ?, ?) RETURNING "id"[0m  [["name", "SULA"], ["created_at", "2024-10-06 15:56:34.949732"], ["updated_at", "2024-10-06 15:56:34.949732"], ["author", "dfdf"]]
  ↳ app/controllers/stories_controller.rb:27:in `block in create'
  [1m[36mTRANSACTION (0.6ms)[0m  [1m[36mcommit transaction[0m
  ↳ app/controllers/stories_controller.rb:27:in `block in create'
Redirected to http://localhost:3000/stories/3
Completed 302 Found in 14ms (ActiveRecord: 2.9ms (1 query, 0 cached) | GC: 0.0ms)


Started GET "/stories/3" for ::1 at 2024-10-06 18:56:34 +0300
Processing by StoriesController#show as TURBO_STREAM
  Parameters: {"id"=>"3"}
  [1m[36mStory Load (0.1ms)[0m  [1m[34mSELECT "stories".* FROM "stories" WHERE "stories"."id" = ? LIMIT ?[0m  [["id", 3], ["LIMIT", 1]]
  ↳ app/controllers/stories_controller.rb:63:in `set_story'
  Rendering layout layouts/application.html.erb
  Rendering stories/show.html.erb within layouts/application
  Rendered stories/_story.html.erb (Duration: 0.1ms | GC: 0.0ms)
  [1m[36mDescription Load (0.7ms)[0m  [1m[34mSELECT "descriptions".* FROM "descriptions" WHERE "descriptions"."story_id" = ? LIMIT ?[0m  [["story_id", 3], ["LIMIT", 1]]
  ↳ app/views/stories/show.html.erb:14
  Rendered stories/show.html.erb within layouts/application (Duration: 4.0ms | GC: 0.0ms)
  Rendered layout layouts/application.html.erb (Duration: 4.2ms | GC: 0.0ms)
Completed 500 Internal Server Error in 6ms (ActiveRecord: 0.1ms (2 queries, 0 cached) | GC: 0.0ms)


  
ActionView::Template::Error (undefined method `build' for nil):

Causes:
NoMethodError (undefined method `build' for nil)
    11: 
    12: <h2>Add description to story:</h2>
    13: 
    14: <%= form_for([@story, @story.description.build]) do |f|%>
    15:   <div class="field">
    16:     <%= f.text_field :body %>
    17:   </div>
  
app/views/stories/show.html.erb:14
Started GET "/stories/new" for ::1 at 2024-10-06 19:02:17 +0300
  [1m[36mActiveRecord::SchemaMigration Load (0.2ms)[0m  [1m[34mSELECT "schema_migrations"."version" FROM "schema_migrations" ORDER BY "schema_migrations"."version" ASC[0m
Processing by StoriesController#new as HTML
  Rendering layout layouts/application.html.erb
  Rendering stories/new.html.erb within layouts/application
  Rendered stories/_form.html.erb (Duration: 20.3ms | GC: 0.0ms)
  Rendered stories/new.html.erb within layouts/application (Duration: 22.5ms | GC: 0.0ms)
  Rendered layout layouts/application.html.erb (Duration: 150.3ms | GC: 0.0ms)
Completed 200 OK in 233ms (Views: 158.4ms | ActiveRecord: 1.7ms (0 queries, 0 cached) | GC: 12.5ms)


Started GET "/manifest.json" for ::1 at 2024-10-06 19:02:17 +0300
Processing by Rails::PwaController#manifest as JSON
  Rendering pwa/manifest.json.erb
  Rendered pwa/manifest.json.erb (Duration: 0.4ms | GC: 0.0ms)
Completed 200 OK in 4ms (Views: 3.4ms | ActiveRecord: 0.0ms (0 queries, 0 cached) | GC: 0.0ms)


Started GET "/stories" for ::1 at 2024-10-06 19:02:19 +0300
Processing by StoriesController#index as HTML
  Rendering layout layouts/application.html.erb
  Rendering stories/index.html.erb within layouts/application
  [1m[36mStory Load (0.1ms)[0m  [1m[34mSELECT "stories".* FROM "stories"[0m
  ↳ app/views/stories/index.html.erb:8
  Rendered stories/_story.html.erb (Duration: 0.4ms | GC: 0.0ms)
  Rendered stories/_story.html.erb (Duration: 0.1ms | GC: 0.0ms)
  Rendered stories/index.html.erb within layouts/application (Duration: 6.6ms | GC: 0.0ms)
  Rendered layout layouts/application.html.erb (Duration: 11.7ms | GC: 0.0ms)
Completed 200 OK in 26ms (Views: 12.4ms | ActiveRecord: 0.1ms (1 query, 0 cached) | GC: 0.0ms)


Started POST "/stories" for ::1 at 2024-10-06 19:02:23 +0300
Processing by StoriesController#create as TURBO_STREAM
  Parameters: {"authenticity_token"=>"[FILTERED]", "story"=>{"name"=>"SULA", "author"=>"dfdf"}, "commit"=>"Create Story"}
  [1m[36mTRANSACTION (0.1ms)[0m  [1m[36mbegin transaction[0m
  ↳ app/controllers/stories_controller.rb:27:in `block in create'
  [1m[36mStory Create (1.4ms)[0m  [1m[32mINSERT INTO "stories" ("name", "created_at", "updated_at", "author") VALUES (?, ?, ?, ?) RETURNING "id"[0m  [["name", "SULA"], ["created_at", "2024-10-06 16:02:23.549785"], ["updated_at", "2024-10-06 16:02:23.549785"], ["author", "dfdf"]]
  ↳ app/controllers/stories_controller.rb:27:in `block in create'
  [1m[36mTRANSACTION (0.7ms)[0m  [1m[36mcommit transaction[0m
  ↳ app/controllers/stories_controller.rb:27:in `block in create'
Redirected to http://localhost:3000/stories/4
Completed 302 Found in 8ms (ActiveRecord: 2.2ms (1 query, 0 cached) | GC: 0.0ms)


Started GET "/stories/4" for ::1 at 2024-10-06 19:02:23 +0300
Processing by StoriesController#show as TURBO_STREAM
  Parameters: {"id"=>"4"}
  [1m[36mStory Load (0.6ms)[0m  [1m[34mSELECT "stories".* FROM "stories" WHERE "stories"."id" = ? LIMIT ?[0m  [["id", 4], ["LIMIT", 1]]
  ↳ app/controllers/stories_controller.rb:63:in `set_story'
  Rendering layout layouts/application.html.erb
  Rendering stories/show.html.erb within layouts/application
  Rendered stories/_story.html.erb (Duration: 0.0ms | GC: 0.0ms)
  [1m[36mDescription Load (0.1ms)[0m  [1m[34mSELECT "descriptions".* FROM "descriptions" WHERE "descriptions"."story_id" = ? LIMIT ?[0m  [["story_id", 4], ["LIMIT", 1]]
  ↳ app/views/stories/show.html.erb:14
  Rendered stories/show.html.erb within layouts/application (Duration: 42.6ms | GC: 15.0ms)
  Rendered layout layouts/application.html.erb (Duration: 45.0ms | GC: 15.0ms)
Completed 500 Internal Server Error in 52ms (ActiveRecord: 1.2ms (2 queries, 0 cached) | GC: 15.0ms)


  
ActionView::Template::Error (undefined method `build' for nil):

Causes:
NoMethodError (undefined method `build' for nil)
    11: 
    12: <h2>Add description to story:</h2>
    13: 
    14: <%= form_for([@story, @story.description.build]) do |f|%>
    15:   <div class="field">
    16:     <%= f.text_field :body %>
    17:   </div>
  
app/views/stories/show.html.erb:14
Started GET "/stories/new" for ::1 at 2024-10-06 19:03:20 +0300
Processing by StoriesController#new as HTML
  Rendering layout layouts/application.html.erb
  Rendering stories/new.html.erb within layouts/application
  Rendered stories/_form.html.erb (Duration: 3.1ms | GC: 0.0ms)
  Rendered stories/new.html.erb within layouts/application (Duration: 8.9ms | GC: 0.0ms)
  Rendered layout layouts/application.html.erb (Duration: 35.3ms | GC: 6.9ms)
Completed 200 OK in 49ms (Views: 37.8ms | ActiveRecord: 1.8ms (0 queries, 0 cached) | GC: 6.9ms)


Started GET "/manifest.json" for ::1 at 2024-10-06 19:03:20 +0300
Processing by Rails::PwaController#manifest as JSON
  Rendering pwa/manifest.json.erb
  Rendered pwa/manifest.json.erb (Duration: 0.8ms | GC: 0.0ms)
Completed 200 OK in 4ms (Views: 3.3ms | ActiveRecord: 0.0ms (0 queries, 0 cached) | GC: 0.0ms)


Started POST "/stories" for ::1 at 2024-10-06 19:03:24 +0300
Processing by StoriesController#create as TURBO_STREAM
  Parameters: {"authenticity_token"=>"[FILTERED]", "story"=>{"name"=>"SULA", "author"=>"dfdf"}, "commit"=>"Create Story"}
  [1m[36mTRANSACTION (0.1ms)[0m  [1m[36mbegin transaction[0m
  ↳ app/controllers/stories_controller.rb:27:in `block in create'
  [1m[36mStory Create (1.1ms)[0m  [1m[32mINSERT INTO "stories" ("name", "created_at", "updated_at", "author") VALUES (?, ?, ?, ?) RETURNING "id"[0m  [["name", "SULA"], ["created_at", "2024-10-06 16:03:24.837383"], ["updated_at", "2024-10-06 16:03:24.837383"], ["author", "dfdf"]]
  ↳ app/controllers/stories_controller.rb:27:in `block in create'
  [1m[36mTRANSACTION (0.6ms)[0m  [1m[36mcommit transaction[0m
  ↳ app/controllers/stories_controller.rb:27:in `block in create'
Redirected to http://localhost:3000/stories/5
Completed 302 Found in 14ms (ActiveRecord: 1.7ms (1 query, 0 cached) | GC: 0.0ms)


Started GET "/stories/5" for ::1 at 2024-10-06 19:03:24 +0300
Processing by StoriesController#show as TURBO_STREAM
  Parameters: {"id"=>"5"}
  [1m[36mStory Load (0.1ms)[0m  [1m[34mSELECT "stories".* FROM "stories" WHERE "stories"."id" = ? LIMIT ?[0m  [["id", 5], ["LIMIT", 1]]
  ↳ app/controllers/stories_controller.rb:63:in `set_story'
  Rendering layout layouts/application.html.erb
  Rendering stories/show.html.erb within layouts/application
  Rendered stories/_story.html.erb (Duration: 0.9ms | GC: 0.0ms)
  [1m[36mDescription Load (0.1ms)[0m  [1m[34mSELECT "descriptions".* FROM "descriptions" WHERE "descriptions"."story_id" = ? LIMIT ?[0m  [["story_id", 5], ["LIMIT", 1]]
  ↳ app/views/stories/show.html.erb:14
  Rendered stories/show.html.erb within layouts/application (Duration: 14.3ms | GC: 0.3ms)
  Rendered layout layouts/application.html.erb (Duration: 14.5ms | GC: 0.3ms)
Completed 500 Internal Server Error in 19ms (ActiveRecord: 0.5ms (2 queries, 0 cached) | GC: 0.7ms)


  
ActionView::Template::Error (undefined method `build' for nil):

Causes:
NoMethodError (undefined method `build' for nil)
    11: 
    12: <h2>Add description to story:</h2>
    13: 
    14: <%= form_for([@story, @story.description.build]) do |f|%>
    15:   <div class="field">
    16:     <%= f.text_field :body %>
    17:   </div>
  
app/views/stories/show.html.erb:14
Started GET "/stories/new" for ::1 at 2024-10-06 19:10:50 +0300
Processing by StoriesController#new as HTML
  Rendering layout layouts/application.html.erb
  Rendering stories/new.html.erb within layouts/application
  Rendered stories/_form.html.erb (Duration: 7.7ms | GC: 0.0ms)
  Rendered stories/new.html.erb within layouts/application (Duration: 10.0ms | GC: 0.0ms)
  Rendered layout layouts/application.html.erb (Duration: 55.8ms | GC: 13.6ms)
Completed 200 OK in 78ms (Views: 60.8ms | ActiveRecord: 0.0ms (0 queries, 0 cached) | GC: 13.6ms)


Started GET "/manifest.json" for ::1 at 2024-10-06 19:10:51 +0300
Processing by Rails::PwaController#manifest as JSON
  Rendering pwa/manifest.json.erb
  Rendered pwa/manifest.json.erb (Duration: 1.5ms | GC: 0.0ms)
Completed 200 OK in 4ms (Views: 3.5ms | ActiveRecord: 0.0ms (0 queries, 0 cached) | GC: 0.0ms)


Started POST "/stories" for ::1 at 2024-10-06 19:10:56 +0300
Processing by StoriesController#create as TURBO_STREAM
  Parameters: {"authenticity_token"=>"[FILTERED]", "story"=>{"name"=>"fghjk", "author"=>"sdfghjkl"}, "commit"=>"Create Story"}
  [1m[36mTRANSACTION (0.1ms)[0m  [1m[36mbegin transaction[0m
  ↳ app/controllers/stories_controller.rb:27:in `block in create'
  [1m[36mStory Create (7.1ms)[0m  [1m[32mINSERT INTO "stories" ("name", "created_at", "updated_at", "author") VALUES (?, ?, ?, ?) RETURNING "id"[0m  [["name", "fghjk"], ["created_at", "2024-10-06 16:10:56.866237"], ["updated_at", "2024-10-06 16:10:56.866237"], ["author", "sdfghjkl"]]
  ↳ app/controllers/stories_controller.rb:27:in `block in create'
  [1m[36mTRANSACTION (0.7ms)[0m  [1m[36mcommit transaction[0m
  ↳ app/controllers/stories_controller.rb:27:in `block in create'
Redirected to http://localhost:3000/stories/6
Completed 302 Found in 16ms (ActiveRecord: 7.8ms (1 query, 0 cached) | GC: 0.2ms)


Started GET "/stories/6" for ::1 at 2024-10-06 19:10:56 +0300
Processing by StoriesController#show as TURBO_STREAM
  Parameters: {"id"=>"6"}
  [1m[36mStory Load (1.4ms)[0m  [1m[34mSELECT "stories".* FROM "stories" WHERE "stories"."id" = ? LIMIT ?[0m  [["id", 6], ["LIMIT", 1]]
  ↳ app/controllers/stories_controller.rb:63:in `set_story'
  Rendering layout layouts/application.html.erb
  Rendering stories/show.html.erb within layouts/application
  Rendered stories/_story.html.erb (Duration: 0.3ms | GC: 0.0ms)
  [1m[36mDescription Load (0.5ms)[0m  [1m[34mSELECT "descriptions".* FROM "descriptions" WHERE "descriptions"."story_id" = ? LIMIT ?[0m  [["story_id", 6], ["LIMIT", 1]]
  ↳ app/views/stories/show.html.erb:14
  Rendered stories/show.html.erb within layouts/application (Duration: 9.4ms | GC: 0.1ms)
  Rendered layout layouts/application.html.erb (Duration: 9.8ms | GC: 0.1ms)
Completed 500 Internal Server Error in 21ms (ActiveRecord: 1.8ms (2 queries, 0 cached) | GC: 0.3ms)


  
ActionView::Template::Error (undefined method `build' for nil):

Causes:
NoMethodError (undefined method `build' for nil)
    11: 
    12: <h2>Add description to story:</h2>
    13: 
    14: <%= form_for([@story, @story.description.build]) do |f|%>
    15:   <div class="field">
    16:     <%= f.text_field :body %>
    17:   </div>
  
app/views/stories/show.html.erb:14
Started GET "/stories/new" for ::1 at 2024-10-06 19:17:10 +0300
Processing by StoriesController#new as HTML
Completed 500 Internal Server Error in 13ms (ActiveRecord: 0.0ms (0 queries, 0 cached) | GC: 0.0ms)


  
ArgumentError (Unknown key: :optional. Valid keys are: :class_name, :anonymous_class, :primary_key, :foreign_key, :dependent, :validate, :inverse_of, :strict_loading, :query_constraints, :autosave, :required, :touch, :as, :through):
  
app/models/story.rb:5:in `<class:Story>'
app/models/story.rb:1:in `<main>'
app/controllers/stories_controller.rb:15:in `new'
Started GET "/stories/new" for ::1 at 2024-10-06 19:18:02 +0300
Processing by StoriesController#new as HTML
Completed 500 Internal Server Error in 4ms (ActiveRecord: 0.0ms (0 queries, 0 cached) | GC: 0.0ms)


  
ArgumentError (Unknown key: :requiered. Valid keys are: :class_name, :anonymous_class, :primary_key, :foreign_key, :dependent, :validate, :inverse_of, :strict_loading, :query_constraints, :autosave, :required, :touch, :as, :through):
  
app/models/story.rb:5:in `<class:Story>'
app/models/story.rb:1:in `<main>'
app/controllers/stories_controller.rb:15:in `new'
Started GET "/stories/new" for ::1 at 2024-10-06 19:18:26 +0300
Processing by StoriesController#new as HTML
  Rendering layout layouts/application.html.erb
  Rendering stories/new.html.erb within layouts/application
  Rendered stories/_form.html.erb (Duration: 2.1ms | GC: 0.0ms)
  Rendered stories/new.html.erb within layouts/application (Duration: 5.9ms | GC: 0.0ms)
  Rendered layout layouts/application.html.erb (Duration: 40.0ms | GC: 0.0ms)
Completed 200 OK in 50ms (Views: 42.1ms | ActiveRecord: 0.0ms (0 queries, 0 cached) | GC: 0.0ms)


Started GET "/manifest.json" for ::1 at 2024-10-06 19:18:26 +0300
Processing by Rails::PwaController#manifest as JSON
  Rendering pwa/manifest.json.erb
  Rendered pwa/manifest.json.erb (Duration: 0.4ms | GC: 0.0ms)
Completed 200 OK in 2ms (Views: 1.9ms | ActiveRecord: 0.0ms (0 queries, 0 cached) | GC: 0.0ms)


Started GET "/stories" for ::1 at 2024-10-06 19:18:27 +0300
Processing by StoriesController#index as HTML
  Rendering layout layouts/application.html.erb
  Rendering stories/index.html.erb within layouts/application
  [1m[36mStory Load (11.6ms)[0m  [1m[34mSELECT "stories".* FROM "stories"[0m
  ↳ app/views/stories/index.html.erb:8
  Rendered stories/_story.html.erb (Duration: 0.6ms | GC: 0.0ms)
  Rendered stories/_story.html.erb (Duration: 0.5ms | GC: 0.0ms)
  Rendered stories/_story.html.erb (Duration: 0.1ms | GC: 0.0ms)
  Rendered stories/_story.html.erb (Duration: 0.1ms | GC: 0.0ms)
  Rendered stories/_story.html.erb (Duration: 0.1ms | GC: 0.0ms)
  Rendered stories/index.html.erb within layouts/application (Duration: 27.8ms | GC: 1.3ms)
  Rendered layout layouts/application.html.erb (Duration: 30.5ms | GC: 1.3ms)
Completed 200 OK in 33ms (Views: 19.4ms | ActiveRecord: 11.6ms (1 query, 0 cached) | GC: 1.3ms)


Started GET "/stories" for ::1 at 2024-10-06 19:19:01 +0300
Processing by StoriesController#index as HTML
  Rendering layout layouts/application.html.erb
  Rendering stories/index.html.erb within layouts/application
  [1m[36mStory Load (2.5ms)[0m  [1m[34mSELECT "stories".* FROM "stories"[0m
  ↳ app/views/stories/index.html.erb:8
  Rendered stories/_story.html.erb (Duration: 0.5ms | GC: 0.0ms)
  Rendered stories/_story.html.erb (Duration: 0.1ms | GC: 0.0ms)
  Rendered stories/_story.html.erb (Duration: 0.1ms | GC: 0.0ms)
  Rendered stories/_story.html.erb (Duration: 0.2ms | GC: 0.0ms)
  Rendered stories/_story.html.erb (Duration: 0.1ms | GC: 0.0ms)
  Rendered stories/index.html.erb within layouts/application (Duration: 19.5ms | GC: 1.3ms)
  Rendered layout layouts/application.html.erb (Duration: 59.4ms | GC: 15.1ms)
Completed 200 OK in 70ms (Views: 59.5ms | ActiveRecord: 2.9ms (1 query, 0 cached) | GC: 15.7ms)


Started GET "/manifest.json" for ::1 at 2024-10-06 19:19:02 +0300
Processing by Rails::PwaController#manifest as JSON
  Rendering pwa/manifest.json.erb
  Rendered pwa/manifest.json.erb (Duration: 1.6ms | GC: 0.5ms)
Completed 200 OK in 6ms (Views: 5.5ms | ActiveRecord: 0.0ms (0 queries, 0 cached) | GC: 1.4ms)


Started GET "/stories" for ::1 at 2024-10-06 19:19:47 +0300
Processing by StoriesController#index as HTML
  Rendering layout layouts/application.html.erb
  Rendering stories/index.html.erb within layouts/application
  [1m[36mStory Load (1.0ms)[0m  [1m[34mSELECT "stories".* FROM "stories"[0m
  ↳ app/views/stories/index.html.erb:10
  Rendered stories/_story.html.erb (Duration: 0.5ms | GC: 0.0ms)
  Rendered stories/_story.html.erb (Duration: 0.1ms | GC: 0.0ms)
  Rendered stories/_story.html.erb (Duration: 0.0ms | GC: 0.0ms)
  Rendered stories/_story.html.erb (Duration: 0.0ms | GC: 0.0ms)
  Rendered stories/_story.html.erb (Duration: 0.0ms | GC: 0.0ms)
  Rendered stories/index.html.erb within layouts/application (Duration: 11.9ms | GC: 0.2ms)
  Rendered layout layouts/application.html.erb (Duration: 45.8ms | GC: 1.0ms)
Completed 200 OK in 54ms (Views: 46.9ms | ActiveRecord: 2.3ms (1 query, 0 cached) | GC: 1.0ms)


Started GET "/manifest.json" for ::1 at 2024-10-06 19:19:47 +0300
Processing by Rails::PwaController#manifest as JSON
  Rendering pwa/manifest.json.erb
  Rendered pwa/manifest.json.erb (Duration: 0.9ms | GC: 0.0ms)
Completed 200 OK in 3ms (Views: 2.8ms | ActiveRecord: 0.0ms (0 queries, 0 cached) | GC: 0.0ms)


Started GET "/stories" for ::1 at 2024-10-06 19:20:07 +0300
Processing by StoriesController#index as HTML
  Rendering layout layouts/application.html.erb
  Rendering stories/index.html.erb within layouts/application
  [1m[36mStory Load (3.1ms)[0m  [1m[34mSELECT "stories".* FROM "stories"[0m
  ↳ app/views/stories/index.html.erb:12
  Rendered stories/_story.html.erb (Duration: 0.6ms | GC: 0.0ms)
  Rendered stories/_story.html.erb (Duration: 0.9ms | GC: 0.0ms)
  Rendered stories/_story.html.erb (Duration: 0.1ms | GC: 0.0ms)
  Rendered stories/_story.html.erb (Duration: 0.0ms | GC: 0.0ms)
  Rendered stories/_story.html.erb (Duration: 0.0ms | GC: 0.0ms)
  Rendered stories/index.html.erb within layouts/application (Duration: 13.7ms | GC: 0.0ms)
  Rendered layout layouts/application.html.erb (Duration: 41.0ms | GC: 0.0ms)
Completed 200 OK in 49ms (Views: 41.2ms | ActiveRecord: 3.4ms (1 query, 0 cached) | GC: 0.0ms)


Started GET "/manifest.json" for ::1 at 2024-10-06 19:20:07 +0300
Processing by Rails::PwaController#manifest as JSON
  Rendering pwa/manifest.json.erb
  Rendered pwa/manifest.json.erb (Duration: 0.5ms | GC: 0.0ms)
Completed 200 OK in 3ms (Views: 2.1ms | ActiveRecord: 0.0ms (0 queries, 0 cached) | GC: 0.0ms)


Started GET "/stories/2" for ::1 at 2024-10-06 19:20:36 +0300
Processing by StoriesController#show as HTML
  Parameters: {"id"=>"2"}
  [1m[36mStory Load (0.1ms)[0m  [1m[34mSELECT "stories".* FROM "stories" WHERE "stories"."id" = ? LIMIT ?[0m  [["id", 2], ["LIMIT", 1]]
  ↳ app/controllers/stories_controller.rb:63:in `set_story'
  Rendering layout layouts/application.html.erb
  Rendering stories/show.html.erb within layouts/application
  Rendered stories/_story.html.erb (Duration: 0.1ms | GC: 0.0ms)
  [1m[36mDescription Load (0.4ms)[0m  [1m[34mSELECT "descriptions".* FROM "descriptions" WHERE "descriptions"."story_id" = ? LIMIT ?[0m  [["story_id", 2], ["LIMIT", 1]]
  ↳ app/views/stories/show.html.erb:14
  Rendered stories/show.html.erb within layouts/application (Duration: 41.5ms | GC: 1.7ms)
  Rendered layout layouts/application.html.erb (Duration: 41.8ms | GC: 1.7ms)
Completed 500 Internal Server Error in 49ms (ActiveRecord: 0.9ms (2 queries, 0 cached) | GC: 1.7ms)


  
ActionView::Template::Error (undefined method `build' for nil):

Causes:
NoMethodError (undefined method `build' for nil)
    11: 
    12: <h2>Add description to story:</h2>
    13: 
    14: <%= form_for([@story, @story.description.build]) do |f|%>
    15:   <div class="field">
    16:     <%= f.text_field :body %>
    17:   </div>
  
app/views/stories/show.html.erb:14
Started GET "/stories/2" for ::1 at 2024-10-06 19:21:15 +0300
Processing by StoriesController#show as HTML
  Parameters: {"id"=>"2"}
  [1m[36mStory Load (0.5ms)[0m  [1m[34mSELECT "stories".* FROM "stories" WHERE "stories"."id" = ? LIMIT ?[0m  [["id", 2], ["LIMIT", 1]]
  ↳ app/controllers/stories_controller.rb:63:in `set_story'
  Rendering layout layouts/application.html.erb
  Rendering stories/show.html.erb within layouts/application
  Rendered stories/show.html.erb within layouts/application (Duration: 4.8ms | GC: 0.0ms)
  Rendered layout layouts/application.html.erb (Duration: 5.1ms | GC: 0.0ms)
Completed 500 Internal Server Error in 20ms (ActiveRecord: 2.3ms (1 query, 0 cached) | GC: 0.0ms)


  
ActionView::SyntaxErrorInTemplate (Encountered a syntax error while rendering template: check <p style="color: green"><%= notice %></p>

<%= render @story %>

<div>
  <%= link_to "Edit this story", edit_story_path(@story) %> |
  <%= link_to "Back to stories", stories_path %>

  <%= button_to "Destroy this story", @story, method: :delete %>
</div>

<h2>Add description to story:</h2>

<%= form_for([@story, @story.description.create) do |f|%>
  <div class="field">
    <%= f.text_field :body %>
  </div>

  <div class="actions">
    <%= f.submit%>
  </div>
<% end %>
):

Causes:
ActiveSupport::SyntaxErrorProxy (/Users/varvaragluskova/Documents/Forks_OOD_DEMO/Forks_OOD_demover/app/views/stories/show.html.erb:14: syntax error, unexpected ')', expecting ']'
...ory, @story.description.create) do |f|; @output_buffer.safe_...
...                              ^
/Users/varvaragluskova/Documents/Forks_OOD_DEMO/Forks_OOD_demover/app/views/stories/show.html.erb:24: syntax error, unexpected `end'
          end
          ^~~
)
1:    <p style="color: green"><%= notice %></p>
2:    
3:    <%= render @story %>
4:    
5:    <div>
6:      <%= link_to "Edit this story", edit_story_path(@story) %> |
7:      <%= link_to "Back to stories", stories_path %>
8:    
9:      <%= button_to "Destroy this story", @story, method: :delete %>
10:    </div>
11:    
12:    <h2>Add description to story:</h2>
13:    
14:    <%= form_for([@story, @story.description.create) do |f|%>
15:      <div class="field">
16:        <%= f.text_field :body %>
17:      </div>
18:    
19:      <div class="actions">
20:        <%= f.submit%>
21:      </div>
22:    <% end %>
  
app/views/stories/show.html.erb:14: syntax error, unexpected ')', expecting ']'
app/views/stories/show.html.erb:24: syntax error, unexpected `end'
Started GET "/stories/2" for ::1 at 2024-10-06 19:21:40 +0300
Processing by StoriesController#show as HTML
  Parameters: {"id"=>"2"}
  [1m[36mStory Load (0.3ms)[0m  [1m[34mSELECT "stories".* FROM "stories" WHERE "stories"."id" = ? LIMIT ?[0m  [["id", 2], ["LIMIT", 1]]
  ↳ app/controllers/stories_controller.rb:63:in `set_story'
  Rendering layout layouts/application.html.erb
  Rendering stories/show.html.erb within layouts/application
  Rendered stories/_story.html.erb (Duration: 0.4ms | GC: 0.0ms)
  [1m[36mDescription Load (0.1ms)[0m  [1m[34mSELECT "descriptions".* FROM "descriptions" WHERE "descriptions"."story_id" = ? LIMIT ?[0m  [["story_id", 2], ["LIMIT", 1]]
  ↳ app/views/stories/show.html.erb:14
  Rendered stories/show.html.erb within layouts/application (Duration: 10.6ms | GC: 0.0ms)
  Rendered layout layouts/application.html.erb (Duration: 11.0ms | GC: 0.0ms)
Completed 500 Internal Server Error in 27ms (ActiveRecord: 1.9ms (2 queries, 0 cached) | GC: 0.1ms)


  
ActionView::Template::Error (undefined method `create' for nil):

Causes:
NoMethodError (undefined method `create' for nil)
    11: 
    12: <h2>Add description to story:</h2>
    13: 
    14: <%= form_for([@story, @story.description.create]) do |f|%>
    15:   <div class="field">
    16:     <%= f.text_field :body %>
    17:   </div>
  
app/views/stories/show.html.erb:14
Started GET "/stories/2" for ::1 at 2024-10-06 19:22:51 +0300
Processing by StoriesController#show as HTML
  Parameters: {"id"=>"2"}
  [1m[36mStory Load (0.1ms)[0m  [1m[34mSELECT "stories".* FROM "stories" WHERE "stories"."id" = ? LIMIT ?[0m  [["id", 2], ["LIMIT", 1]]
  ↳ app/controllers/stories_controller.rb:63:in `set_story'
  Rendering layout layouts/application.html.erb
  Rendering stories/show.html.erb within layouts/application
  Rendered stories/_story.html.erb (Duration: 0.4ms | GC: 0.0ms)
  Rendered stories/show.html.erb within layouts/application (Duration: 3.3ms | GC: 0.0ms)
  Rendered layout layouts/application.html.erb (Duration: 35.8ms | GC: 6.6ms)
Completed 200 OK in 53ms (Views: 39.3ms | ActiveRecord: 1.8ms (1 query, 0 cached) | GC: 7.5ms)


Started GET "/manifest.json" for ::1 at 2024-10-06 19:22:52 +0300
Processing by Rails::PwaController#manifest as JSON
  Rendering pwa/manifest.json.erb
  Rendered pwa/manifest.json.erb (Duration: 0.5ms | GC: 0.0ms)
Completed 200 OK in 3ms (Views: 2.6ms | ActiveRecord: 0.0ms (0 queries, 0 cached) | GC: 0.0ms)


Started GET "/stories/2" for ::1 at 2024-10-06 19:23:12 +0300
Processing by StoriesController#show as HTML
  Parameters: {"id"=>"2"}
  [1m[36mStory Load (0.1ms)[0m  [1m[34mSELECT "stories".* FROM "stories" WHERE "stories"."id" = ? LIMIT ?[0m  [["id", 2], ["LIMIT", 1]]
  ↳ app/controllers/stories_controller.rb:63:in `set_story'
  Rendering layout layouts/application.html.erb
  Rendering stories/show.html.erb within layouts/application
  Rendered stories/_story.html.erb (Duration: 0.5ms | GC: 0.0ms)
  Rendered stories/show.html.erb within layouts/application (Duration: 6.0ms | GC: 0.0ms)
  Rendered layout layouts/application.html.erb (Duration: 27.4ms | GC: 1.0ms)
Completed 200 OK in 41ms (Views: 30.8ms | ActiveRecord: 1.2ms (1 query, 0 cached) | GC: 1.6ms)


Started GET "/manifest.json" for ::1 at 2024-10-06 19:23:13 +0300
Processing by Rails::PwaController#manifest as JSON
  Rendering pwa/manifest.json.erb
  Rendered pwa/manifest.json.erb (Duration: 0.9ms | GC: 0.0ms)
Completed 200 OK in 5ms (Views: 4.1ms | ActiveRecord: 0.0ms (0 queries, 0 cached) | GC: 0.0ms)


Started GET "/stories" for ::1 at 2024-10-06 19:25:38 +0300
Processing by StoriesController#index as HTML
  Rendering layout layouts/application.html.erb
  Rendering stories/index.html.erb within layouts/application
  [1m[36mStory Load (4.3ms)[0m  [1m[34mSELECT "stories".* FROM "stories"[0m
  ↳ app/views/stories/index.html.erb:12
  Rendered stories/_story.html.erb (Duration: 0.7ms | GC: 0.0ms)
  Rendered stories/_story.html.erb (Duration: 0.1ms | GC: 0.0ms)
  Rendered stories/_story.html.erb (Duration: 0.0ms | GC: 0.0ms)
  Rendered stories/_story.html.erb (Duration: 0.1ms | GC: 0.0ms)
  Rendered stories/_story.html.erb (Duration: 0.0ms | GC: 0.0ms)
  Rendered stories/index.html.erb within layouts/application (Duration: 37.8ms | GC: 0.0ms)
  Rendered layout layouts/application.html.erb (Duration: 53.3ms | GC: 0.0ms)
Completed 200 OK in 81ms (Views: 56.2ms | ActiveRecord: 4.0ms (1 query, 0 cached) | GC: 0.0ms)


Started GET "/stories" for ::1 at 2024-10-06 19:25:38 +0300
Processing by StoriesController#index as HTML
  Rendering layout layouts/application.html.erb
  Rendering stories/index.html.erb within layouts/application
  [1m[36mStory Load (0.1ms)[0m  [1m[34mSELECT "stories".* FROM "stories"[0m
  ↳ app/views/stories/index.html.erb:12
  Rendered stories/_story.html.erb (Duration: 0.4ms | GC: 0.0ms)
  Rendered stories/_story.html.erb (Duration: 0.1ms | GC: 0.0ms)
  Rendered stories/_story.html.erb (Duration: 0.0ms | GC: 0.0ms)
  Rendered stories/_story.html.erb (Duration: 0.0ms | GC: 0.0ms)
  Rendered stories/_story.html.erb (Duration: 0.0ms | GC: 0.0ms)
  Rendered stories/index.html.erb within layouts/application (Duration: 5.7ms | GC: 0.0ms)
  Rendered layout layouts/application.html.erb (Duration: 8.2ms | GC: 0.0ms)
Completed 200 OK in 10ms (Views: 8.8ms | ActiveRecord: 0.1ms (1 query, 0 cached) | GC: 0.0ms)


  [1m[36mActiveRecord::InternalMetadata Load (0.8ms)[0m  [1m[34mSELECT * FROM "ar_internal_metadata" WHERE "ar_internal_metadata"."key" = ? ORDER BY "ar_internal_metadata"."key" ASC LIMIT 1[0m  [[nil, "environment"]]
  [1m[36mActiveRecord::SchemaMigration Load (0.2ms)[0m  [1m[34mSELECT "schema_migrations"."version" FROM "schema_migrations" ORDER BY "schema_migrations"."version" ASC[0m
Migrating to CreateChapters (20241006162849)
  [1m[36mTRANSACTION (0.1ms)[0m  [1m[36mbegin transaction[0m
  [1m[35m (1.1ms)[0m  [1m[35mCREATE TABLE "chapters" ("id" integer PRIMARY KEY AUTOINCREMENT NOT NULL, "chname" varchar, "chnotes" varchar, "body" text, "story_id" integer NOT NULL, "created_at" datetime(6) NOT NULL, "updated_at" datetime(6) NOT NULL, CONSTRAINT "fk_rails_b9159ed6aa"
FOREIGN KEY ("story_id")
  REFERENCES "stories" ("id")
)[0m
  [1m[35m (0.1ms)[0m  [1m[35mCREATE INDEX "index_chapters_on_story_id" ON "chapters" ("story_id")[0m
  [1m[36mActiveRecord::SchemaMigration Create (0.2ms)[0m  [1m[32mINSERT INTO "schema_migrations" ("version") VALUES ('20241006162849') RETURNING "version"[0m
  [1m[36mTRANSACTION (1.5ms)[0m  [1m[36mcommit transaction[0m
  [1m[36mActiveRecord::SchemaMigration Load (0.1ms)[0m  [1m[34mSELECT "schema_migrations"."version" FROM "schema_migrations" ORDER BY "schema_migrations"."version" ASC[0m
Started GET "/stories" for ::1 at 2024-10-06 19:44:49 +0300
  [1m[36mActiveRecord::SchemaMigration Load (0.7ms)[0m  [1m[34mSELECT "schema_migrations"."version" FROM "schema_migrations" ORDER BY "schema_migrations"."version" ASC[0m
  
ActiveRecord::PendingMigrationError (

Migrations are pending. To resolve this issue, run:

        bin/rails db:migrate

You have 2 pending migrations:

db/migrate/20241006163833_create_forks.rb
db/migrate/20241006164006_create_tags.rb


):
  
activerecord (7.2.1) lib/active_record/migration.rb:756:in `check_pending_migrations'
activerecord (7.2.1) lib/active_record/migration.rb:663:in `block (2 levels) in call'
activesupport (7.2.1) lib/active_support/file_update_checker.rb:85:in `execute'
activerecord (7.2.1) lib/active_record/migration.rb:668:in `block in call'
activerecord (7.2.1) lib/active_record/migration.rb:660:in `synchronize'
activerecord (7.2.1) lib/active_record/migration.rb:660:in `call'
actionpack (7.2.1) lib/action_dispatch/middleware/callbacks.rb:31:in `block in call'
activesupport (7.2.1) lib/active_support/callbacks.rb:101:in `run_callbacks'
actionpack (7.2.1) lib/action_dispatch/middleware/callbacks.rb:30:in `call'
actionpack (7.2.1) lib/action_dispatch/middleware/executor.rb:16:in `call'
actionpack (7.2.1) lib/action_dispatch/middleware/actionable_exceptions.rb:18:in `call'
actionpack (7.2.1) lib/action_dispatch/middleware/debug_exceptions.rb:31:in `call'
web-console (4.2.1) lib/web_console/middleware.rb:132:in `call_app'
web-console (4.2.1) lib/web_console/middleware.rb:28:in `block in call'
web-console (4.2.1) lib/web_console/middleware.rb:17:in `catch'
web-console (4.2.1) lib/web_console/middleware.rb:17:in `call'
actionpack (7.2.1) lib/action_dispatch/middleware/show_exceptions.rb:32:in `call'
railties (7.2.1) lib/rails/rack/logger.rb:41:in `call_app'
railties (7.2.1) lib/rails/rack/logger.rb:29:in `call'
sprockets-rails (3.5.2) lib/sprockets/rails/quiet_assets.rb:17:in `call'
actionpack (7.2.1) lib/action_dispatch/middleware/remote_ip.rb:96:in `call'
actionpack (7.2.1) lib/action_dispatch/middleware/request_id.rb:33:in `call'
rack (3.1.7) lib/rack/method_override.rb:28:in `call'
rack (3.1.7) lib/rack/runtime.rb:24:in `call'
activesupport (7.2.1) lib/active_support/cache/strategy/local_cache_middleware.rb:29:in `call'
actionpack (7.2.1) lib/action_dispatch/middleware/server_timing.rb:61:in `block in call'
actionpack (7.2.1) lib/action_dispatch/middleware/server_timing.rb:26:in `collect_events'
actionpack (7.2.1) lib/action_dispatch/middleware/server_timing.rb:60:in `call'
actionpack (7.2.1) lib/action_dispatch/middleware/executor.rb:16:in `call'
actionpack (7.2.1) lib/action_dispatch/middleware/static.rb:27:in `call'
rack (3.1.7) lib/rack/sendfile.rb:114:in `call'
actionpack (7.2.1) lib/action_dispatch/middleware/host_authorization.rb:143:in `call'
railties (7.2.1) lib/rails/engine.rb:535:in `call'
puma (6.4.3) lib/puma/configuration.rb:272:in `call'
puma (6.4.3) lib/puma/request.rb:100:in `block in handle_request'
puma (6.4.3) lib/puma/thread_pool.rb:378:in `with_force_shutdown'
puma (6.4.3) lib/puma/request.rb:99:in `handle_request'
puma (6.4.3) lib/puma/server.rb:464:in `process_client'
puma (6.4.3) lib/puma/server.rb:245:in `block in run'
puma (6.4.3) lib/puma/thread_pool.rb:155:in `block in spawn_thread'
Started POST "/rails/actions" for ::1 at 2024-10-06 19:45:01 +0300
  [1m[36mActiveRecord::InternalMetadata Load (0.6ms)[0m  [1m[34mSELECT * FROM "ar_internal_metadata" WHERE "ar_internal_metadata"."key" = ? ORDER BY "ar_internal_metadata"."key" ASC LIMIT 1[0m  [[nil, "environment"]]
  [1m[36mActiveRecord::SchemaMigration Load (0.2ms)[0m  [1m[34mSELECT "schema_migrations"."version" FROM "schema_migrations" ORDER BY "schema_migrations"."version" ASC[0m
Migrating to CreateForks (20241006163833)
  [1m[36mTRANSACTION (0.3ms)[0m  [1m[36mbegin transaction[0m
  [1m[35m (7.8ms)[0m  [1m[35mCREATE TABLE "forks" ("id" integer PRIMARY KEY AUTOINCREMENT NOT NULL, "title" varchar, "chapter_id" integer NOT NULL, "created_at" datetime(6) NOT NULL, "updated_at" datetime(6) NOT NULL, CONSTRAINT "fk_rails_bed8a9123d"
FOREIGN KEY ("chapter_id")
  REFERENCES "chapters" ("id")
)[0m
  [1m[35m (0.2ms)[0m  [1m[35mCREATE INDEX "index_forks_on_chapter_id" ON "forks" ("chapter_id")[0m
  [1m[36mActiveRecord::SchemaMigration Create (0.3ms)[0m  [1m[32mINSERT INTO "schema_migrations" ("version") VALUES ('20241006163833') RETURNING "version"[0m
  [1m[36mTRANSACTION (17.1ms)[0m  [1m[36mcommit transaction[0m
Migrating to CreateTags (20241006164006)
  [1m[36mTRANSACTION (0.0ms)[0m  [1m[36mbegin transaction[0m
  [1m[35m (15.8ms)[0m  [1m[35mCREATE TABLE "tags" ("id" integer PRIMARY KEY AUTOINCREMENT NOT NULL, "title" varchar, "story_id" integer NOT NULL, "fork_id" integer NOT NULL, "theme_id" integer NOT NULL, "created_at" datetime(6) NOT NULL, "updated_at" datetime(6) NOT NULL, CONSTRAINT "fk_rails_a21b99067c"
FOREIGN KEY ("story_id")
  REFERENCES "stories" ("id")
, CONSTRAINT "fk_rails_a68e8f61b3"
FOREIGN KEY ("fork_id")
  REFERENCES "forks" ("id")
, CONSTRAINT "fk_rails_a57b0c01cc"
FOREIGN KEY ("theme_id")
  REFERENCES "themes" ("id")
)[0m
  [1m[35m (0.2ms)[0m  [1m[35mCREATE INDEX "index_tags_on_story_id" ON "tags" ("story_id")[0m
  [1m[35m (0.2ms)[0m  [1m[35mCREATE INDEX "index_tags_on_fork_id" ON "tags" ("fork_id")[0m
  [1m[35m (0.2ms)[0m  [1m[35mCREATE INDEX "index_tags_on_theme_id" ON "tags" ("theme_id")[0m
  [1m[36mActiveRecord::SchemaMigration Create (0.2ms)[0m  [1m[32mINSERT INTO "schema_migrations" ("version") VALUES ('20241006164006') RETURNING "version"[0m
  [1m[36mTRANSACTION (0.2ms)[0m  [1m[36mcommit transaction[0m
  [1m[36mActiveRecord::SchemaMigration Load (0.2ms)[0m  [1m[34mSELECT "schema_migrations"."version" FROM "schema_migrations" ORDER BY "schema_migrations"."version" ASC[0m
Started GET "/stories" for ::1 at 2024-10-06 19:45:01 +0300
  [1m[36mActiveRecord::SchemaMigration Load (0.3ms)[0m  [1m[34mSELECT "schema_migrations"."version" FROM "schema_migrations" ORDER BY "schema_migrations"."version" ASC[0m
Processing by StoriesController#index as HTML
  Rendering layout layouts/application.html.erb
  Rendering stories/index.html.erb within layouts/application
  [1m[36mStory Load (1.0ms)[0m  [1m[34mSELECT "stories".* FROM "stories"[0m
  ↳ app/views/stories/index.html.erb:12
  Rendered stories/_story.html.erb (Duration: 0.8ms | GC: 0.0ms)
  Rendered stories/index.html.erb within layouts/application (Duration: 23.9ms | GC: 0.0ms)
  Rendered layout layouts/application.html.erb (Duration: 24.8ms | GC: 0.0ms)
Completed 500 Internal Server Error in 76ms (ActiveRecord: 1.5ms (1 query, 0 cached) | GC: 0.0ms)


  
ActionView::Template::Error (undefined local variable or method `forks_path' for an instance of #<Class:0x000000012b6e9d90>):

Causes:
NameError (undefined local variable or method `forks_path' for an instance of #<Class:0x000000012b6e9d90>)
     9:     <br>
    10: 
    11:     <strong>About:</strong>
    12:     <%= link_to 'Forks', forks_path %>
    13: 
    14: 
    15:   </p>
  
app/views/stories/_story.html.erb:12
app/views/stories/index.html.erb:13
app/views/stories/index.html.erb:12
  [1m[36mActiveRecord::InternalMetadata Load (0.2ms)[0m  [1m[34mSELECT * FROM "ar_internal_metadata" WHERE "ar_internal_metadata"."key" = ? ORDER BY "ar_internal_metadata"."key" ASC LIMIT 1[0m  [[nil, "environment"]]
  [1m[36mActiveRecord::SchemaMigration Load (0.1ms)[0m  [1m[34mSELECT "schema_migrations"."version" FROM "schema_migrations" ORDER BY "schema_migrations"."version" ASC[0m
  [1m[36mActiveRecord::SchemaMigration Load (0.0ms)[0m  [1m[34mSELECT "schema_migrations"."version" FROM "schema_migrations" ORDER BY "schema_migrations"."version" ASC[0m
Started GET "/stories" for ::1 at 2024-10-06 19:45:54 +0300
  [1m[36mActiveRecord::SchemaMigration Load (0.5ms)[0m  [1m[34mSELECT "schema_migrations"."version" FROM "schema_migrations" ORDER BY "schema_migrations"."version" ASC[0m
Processing by StoriesController#index as HTML
  Rendering layout layouts/application.html.erb
  Rendering stories/index.html.erb within layouts/application
  [1m[36mStory Load (2.1ms)[0m  [1m[34mSELECT "stories".* FROM "stories"[0m
  ↳ app/views/stories/index.html.erb:12
  Rendered stories/_story.html.erb (Duration: 2.1ms | GC: 0.0ms)
  Rendered stories/index.html.erb within layouts/application (Duration: 30.4ms | GC: 0.0ms)
  Rendered layout layouts/application.html.erb (Duration: 30.8ms | GC: 0.0ms)
Completed 500 Internal Server Error in 97ms (ActiveRecord: 2.6ms (1 query, 0 cached) | GC: 0.0ms)


  
ActionView::Template::Error (undefined local variable or method `forks_path' for an instance of #<Class:0x0000000126b22628>):

Causes:
NameError (undefined local variable or method `forks_path' for an instance of #<Class:0x0000000126b22628>)
     9:     <br>
    10: 
    11:     <strong>About:</strong>
    12:     <%= link_to 'Forks', forks_path %>
    13: 
    14: 
    15:   </p>
  
app/views/stories/_story.html.erb:12
app/views/stories/index.html.erb:13
app/views/stories/index.html.erb:12
Started POST "/__web_console/repl_sessions/01331066516782da60624f3d5d0a0a50/trace" for ::1 at 2024-10-06 19:46:01 +0300
Started GET "/manifest.json" for ::1 at 2024-10-06 19:46:05 +0300
Processing by Rails::PwaController#manifest as JSON
  Rendering pwa/manifest.json.erb
  Rendered pwa/manifest.json.erb (Duration: 0.4ms | GC: 0.0ms)
Completed 200 OK in 2ms (Views: 1.8ms | ActiveRecord: 0.0ms (0 queries, 0 cached) | GC: 0.0ms)


Started GET "/stories/2/edit" for ::1 at 2024-10-06 19:46:07 +0300
Processing by StoriesController#edit as HTML
  Parameters: {"id"=>"2"}
  [1m[36mStory Load (0.1ms)[0m  [1m[34mSELECT "stories".* FROM "stories" WHERE "stories"."id" = ? LIMIT ?[0m  [["id", 2], ["LIMIT", 1]]
  ↳ app/controllers/stories_controller.rb:63:in `set_story'
  Rendering layout layouts/application.html.erb
  Rendering stories/edit.html.erb within layouts/application
  Rendered stories/_form.html.erb (Duration: 9.2ms | GC: 0.0ms)
  Rendered stories/edit.html.erb within layouts/application (Duration: 12.3ms | GC: 0.0ms)
  Rendered layout layouts/application.html.erb (Duration: 146.1ms | GC: 11.3ms)
Completed 200 OK in 153ms (Views: 147.2ms | ActiveRecord: 0.1ms (1 query, 0 cached) | GC: 11.3ms)


Started GET "/stories" for ::1 at 2024-10-06 19:46:08 +0300
Processing by StoriesController#index as HTML
  Rendering layout layouts/application.html.erb
  Rendering stories/index.html.erb within layouts/application
  [1m[36mStory Load (0.1ms)[0m  [1m[34mSELECT "stories".* FROM "stories"[0m
  ↳ app/views/stories/index.html.erb:12
  Rendered stories/_story.html.erb (Duration: 0.6ms | GC: 0.0ms)
  Rendered stories/index.html.erb within layouts/application (Duration: 10.8ms | GC: 0.0ms)
  Rendered layout layouts/application.html.erb (Duration: 15.0ms | GC: 0.0ms)
Completed 500 Internal Server Error in 17ms (ActiveRecord: 0.1ms (1 query, 0 cached) | GC: 0.0ms)


  
ActionView::Template::Error (undefined local variable or method `forks_path' for an instance of #<Class:0x0000000126b22628>):

Causes:
NameError (undefined local variable or method `forks_path' for an instance of #<Class:0x0000000126b22628>)
     9:     <br>
    10: 
    11:     <strong>About:</strong>
    12:     <%= link_to 'Forks', forks_path %>
    13: 
    14: 
    15:   </p>
  
app/views/stories/_story.html.erb:12
app/views/stories/index.html.erb:13
app/views/stories/index.html.erb:12
Started GET "/stories/2" for ::1 at 2024-10-06 19:46:20 +0300
Processing by StoriesController#show as HTML
  Parameters: {"id"=>"2"}
  [1m[36mStory Load (0.1ms)[0m  [1m[34mSELECT "stories".* FROM "stories" WHERE "stories"."id" = ? LIMIT ?[0m  [["id", 2], ["LIMIT", 1]]
  ↳ app/controllers/stories_controller.rb:63:in `set_story'
  Rendering layout layouts/application.html.erb
  Rendering stories/show.html.erb within layouts/application
  Rendered stories/_story.html.erb (Duration: 0.4ms | GC: 0.0ms)
  Rendered stories/show.html.erb within layouts/application (Duration: 1.4ms | GC: 0.0ms)
  Rendered layout layouts/application.html.erb (Duration: 3.3ms | GC: 0.0ms)
Completed 500 Internal Server Error in 8ms (ActiveRecord: 0.1ms (1 query, 0 cached) | GC: 0.0ms)


  
ActionView::Template::Error (undefined local variable or method `forks_path' for an instance of #<Class:0x0000000126b22628>):

Causes:
NameError (undefined local variable or method `forks_path' for an instance of #<Class:0x0000000126b22628>)
     9:     <br>
    10: 
    11:     <strong>About:</strong>
    12:     <%= link_to 'Forks', forks_path %>
    13: 
    14: 
    15:   </p>
  
app/views/stories/_story.html.erb:12
app/views/stories/show.html.erb:3
Started GET "/stories/new" for ::1 at 2024-10-06 19:46:27 +0300
Processing by StoriesController#new as HTML
  Rendering layout layouts/application.html.erb
  Rendering stories/new.html.erb within layouts/application
  Rendered stories/_form.html.erb (Duration: 2.3ms | GC: 1.2ms)
  Rendered stories/new.html.erb within layouts/application (Duration: 5.2ms | GC: 2.0ms)
  Rendered layout layouts/application.html.erb (Duration: 12.4ms | GC: 5.0ms)
Completed 200 OK in 18ms (Views: 14.3ms | ActiveRecord: 0.0ms (0 queries, 0 cached) | GC: 5.7ms)


Started GET "/manifest.json" for ::1 at 2024-10-06 19:46:27 +0300
Processing by Rails::PwaController#manifest as JSON
  Rendering pwa/manifest.json.erb
  Rendered pwa/manifest.json.erb (Duration: 0.1ms | GC: 0.0ms)
Completed 200 OK in 1ms (Views: 0.9ms | ActiveRecord: 0.0ms (0 queries, 0 cached) | GC: 0.6ms)


Started GET "/stories" for ::1 at 2024-10-06 19:46:30 +0300
Processing by StoriesController#index as HTML
  Rendering layout layouts/application.html.erb
  Rendering stories/index.html.erb within layouts/application
  [1m[36mStory Load (0.1ms)[0m  [1m[34mSELECT "stories".* FROM "stories"[0m
  ↳ app/views/stories/index.html.erb:12
  Rendered stories/_story.html.erb (Duration: 0.4ms | GC: 0.0ms)
  Rendered stories/index.html.erb within layouts/application (Duration: 8.9ms | GC: 4.4ms)
  Rendered layout layouts/application.html.erb (Duration: 9.1ms | GC: 4.4ms)
Completed 500 Internal Server Error in 13ms (ActiveRecord: 0.1ms (1 query, 0 cached) | GC: 4.9ms)


  
ActionView::Template::Error (undefined local variable or method `forks_path' for an instance of #<Class:0x0000000126b22628>):

Causes:
NameError (undefined local variable or method `forks_path' for an instance of #<Class:0x0000000126b22628>)
     9:     <br>
    10: 
    11:     <strong>About:</strong>
    12:     <%= link_to 'Forks', forks_path %>
    13: 
    14: 
    15:   </p>
  
app/views/stories/_story.html.erb:12
app/views/stories/index.html.erb:13
app/views/stories/index.html.erb:12
Started POST "/stories" for ::1 at 2024-10-06 19:46:33 +0300
Processing by StoriesController#create as TURBO_STREAM
  Parameters: {"authenticity_token"=>"[FILTERED]", "story"=>{"name"=>"SULA", "author"=>"dfdf"}, "commit"=>"Create Story"}
  [1m[36mTRANSACTION (0.1ms)[0m  [1m[36mbegin transaction[0m
  ↳ app/controllers/stories_controller.rb:27:in `block in create'
  [1m[36mStory Create (3.1ms)[0m  [1m[32mINSERT INTO "stories" ("name", "created_at", "updated_at", "author") VALUES (?, ?, ?, ?) RETURNING "id"[0m  [["name", "SULA"], ["created_at", "2024-10-06 16:46:33.625652"], ["updated_at", "2024-10-06 16:46:33.625652"], ["author", "dfdf"]]
  ↳ app/controllers/stories_controller.rb:27:in `block in create'
  [1m[36mTRANSACTION (0.9ms)[0m  [1m[36mcommit transaction[0m
  ↳ app/controllers/stories_controller.rb:27:in `block in create'
Redirected to http://localhost:3000/stories/7
Completed 302 Found in 10ms (ActiveRecord: 3.9ms (1 query, 0 cached) | GC: 0.5ms)


Started GET "/stories/7" for ::1 at 2024-10-06 19:46:33 +0300
Processing by StoriesController#show as TURBO_STREAM
  Parameters: {"id"=>"7"}
  [1m[36mStory Load (0.1ms)[0m  [1m[34mSELECT "stories".* FROM "stories" WHERE "stories"."id" = ? LIMIT ?[0m  [["id", 7], ["LIMIT", 1]]
  ↳ app/controllers/stories_controller.rb:63:in `set_story'
  Rendering layout layouts/application.html.erb
  Rendering stories/show.html.erb within layouts/application
  Rendered stories/_story.html.erb (Duration: 0.4ms | GC: 0.0ms)
  Rendered stories/show.html.erb within layouts/application (Duration: 1.4ms | GC: 0.5ms)
  Rendered layout layouts/application.html.erb (Duration: 1.6ms | GC: 0.5ms)
Completed 500 Internal Server Error in 5ms (ActiveRecord: 0.1ms (1 query, 0 cached) | GC: 0.5ms)


  
ActionView::Template::Error (undefined local variable or method `forks_path' for an instance of #<Class:0x0000000126b22628>):

Causes:
NameError (undefined local variable or method `forks_path' for an instance of #<Class:0x0000000126b22628>)
     9:     <br>
    10: 
    11:     <strong>About:</strong>
    12:     <%= link_to 'Forks', forks_path %>
    13: 
    14: 
    15:   </p>
  
app/views/stories/_story.html.erb:12
app/views/stories/show.html.erb:3
Started GET "/stories/new" for ::1 at 2024-10-06 19:49:46 +0300
Processing by StoriesController#new as HTML
  Rendering layout layouts/application.html.erb
  Rendering stories/new.html.erb within layouts/application
  Rendered stories/_form.html.erb (Duration: 2.4ms | GC: 0.0ms)
  Rendered stories/new.html.erb within layouts/application (Duration: 4.5ms | GC: 0.0ms)
  Rendered layout layouts/application.html.erb (Duration: 44.5ms | GC: 0.0ms)
Completed 200 OK in 63ms (Views: 47.4ms | ActiveRecord: 4.0ms (0 queries, 0 cached) | GC: 0.0ms)


Started GET "/manifest.json" for ::1 at 2024-10-06 19:49:46 +0300
Processing by Rails::PwaController#manifest as JSON
  Rendering pwa/manifest.json.erb
  Rendered pwa/manifest.json.erb (Duration: 0.3ms | GC: 0.0ms)
Completed 200 OK in 2ms (Views: 1.7ms | ActiveRecord: 0.0ms (0 queries, 0 cached) | GC: 0.0ms)


Started POST "/stories" for ::1 at 2024-10-06 19:49:50 +0300
Processing by StoriesController#create as TURBO_STREAM
  Parameters: {"authenticity_token"=>"[FILTERED]", "story"=>{"name"=>"SULA", "author"=>"sdfghjkl"}, "commit"=>"Create Story"}
  [1m[36mTRANSACTION (0.0ms)[0m  [1m[36mbegin transaction[0m
  ↳ app/controllers/stories_controller.rb:27:in `block in create'
  [1m[36mStory Create (1.2ms)[0m  [1m[32mINSERT INTO "stories" ("name", "created_at", "updated_at", "author") VALUES (?, ?, ?, ?) RETURNING "id"[0m  [["name", "SULA"], ["created_at", "2024-10-06 16:49:50.926552"], ["updated_at", "2024-10-06 16:49:50.926552"], ["author", "sdfghjkl"]]
  ↳ app/controllers/stories_controller.rb:27:in `block in create'
  [1m[36mTRANSACTION (3.1ms)[0m  [1m[36mcommit transaction[0m
  ↳ app/controllers/stories_controller.rb:27:in `block in create'
Redirected to http://localhost:3000/stories/8
Completed 302 Found in 15ms (ActiveRecord: 4.3ms (1 query, 0 cached) | GC: 0.0ms)


Started GET "/stories/8" for ::1 at 2024-10-06 19:49:50 +0300
Processing by StoriesController#show as TURBO_STREAM
  Parameters: {"id"=>"8"}
  [1m[36mStory Load (0.1ms)[0m  [1m[34mSELECT "stories".* FROM "stories" WHERE "stories"."id" = ? LIMIT ?[0m  [["id", 8], ["LIMIT", 1]]
  ↳ app/controllers/stories_controller.rb:63:in `set_story'
  Rendering layout layouts/application.html.erb
  Rendering stories/show.html.erb within layouts/application
  Rendered stories/_story.html.erb (Duration: 0.7ms | GC: 0.0ms)
  Rendered stories/show.html.erb within layouts/application (Duration: 6.1ms | GC: 0.0ms)
  Rendered layout layouts/application.html.erb (Duration: 6.8ms | GC: 0.0ms)
Completed 500 Internal Server Error in 16ms (ActiveRecord: 0.1ms (1 query, 0 cached) | GC: 3.9ms)


  
ActionView::Template::Error (undefined local variable or method `forks_path' for an instance of #<Class:0x00000001296c50a0>):

Causes:
NameError (undefined local variable or method `forks_path' for an instance of #<Class:0x00000001296c50a0>)
     9:     <br>
    10: 
    11:     <strong>About:</strong>
    12:     <%= link_to "Back to forks", forks_path %>
    13: 
    14: 
    15:   </p>
  
app/views/stories/_story.html.erb:12
app/views/stories/show.html.erb:3
Started GET "/stories/new" for ::1 at 2024-10-06 19:51:09 +0300
Processing by StoriesController#new as HTML
  Rendering layout layouts/application.html.erb
  Rendering stories/new.html.erb within layouts/application
  Rendered stories/_form.html.erb (Duration: 3.2ms | GC: 0.0ms)
  Rendered stories/new.html.erb within layouts/application (Duration: 5.3ms | GC: 0.0ms)
  Rendered layout layouts/application.html.erb (Duration: 39.6ms | GC: 6.0ms)
Completed 200 OK in 59ms (Views: 42.7ms | ActiveRecord: 5.9ms (0 queries, 0 cached) | GC: 6.0ms)


Started GET "/manifest.json" for ::1 at 2024-10-06 19:51:09 +0300
Processing by Rails::PwaController#manifest as JSON
  Rendering pwa/manifest.json.erb
  Rendered pwa/manifest.json.erb (Duration: 0.7ms | GC: 0.0ms)
Completed 200 OK in 3ms (Views: 2.8ms | ActiveRecord: 0.0ms (0 queries, 0 cached) | GC: 0.0ms)


Started GET "/stories" for ::1 at 2024-10-06 19:51:11 +0300
Processing by StoriesController#index as HTML
  Rendering layout layouts/application.html.erb
  Rendering stories/index.html.erb within layouts/application
  [1m[36mStory Load (0.2ms)[0m  [1m[34mSELECT "stories".* FROM "stories"[0m
  ↳ app/views/stories/index.html.erb:12
  Rendered stories/_story.html.erb (Duration: 0.4ms | GC: 0.0ms)
  Rendered stories/_story.html.erb (Duration: 0.1ms | GC: 0.0ms)
  Rendered stories/_story.html.erb (Duration: 0.1ms | GC: 0.0ms)
  Rendered stories/_story.html.erb (Duration: 0.1ms | GC: 0.0ms)
  Rendered stories/_story.html.erb (Duration: 0.1ms | GC: 0.0ms)
  Rendered stories/_story.html.erb (Duration: 0.0ms | GC: 0.0ms)
  Rendered stories/_story.html.erb (Duration: 0.6ms | GC: 0.0ms)
  Rendered stories/index.html.erb within layouts/application (Duration: 11.5ms | GC: 0.7ms)
  Rendered layout layouts/application.html.erb (Duration: 13.7ms | GC: 0.7ms)
Completed 200 OK in 17ms (Views: 14.0ms | ActiveRecord: 0.2ms (1 query, 0 cached) | GC: 0.7ms)


Started GET "/stories/3" for ::1 at 2024-10-06 19:51:15 +0300
Processing by StoriesController#show as HTML
  Parameters: {"id"=>"3"}
  [1m[36mStory Load (0.2ms)[0m  [1m[34mSELECT "stories".* FROM "stories" WHERE "stories"."id" = ? LIMIT ?[0m  [["id", 3], ["LIMIT", 1]]
  ↳ app/controllers/stories_controller.rb:63:in `set_story'
  Rendering layout layouts/application.html.erb
  Rendering stories/show.html.erb within layouts/application
  Rendered stories/_story.html.erb (Duration: 0.1ms | GC: 0.0ms)
  Rendered stories/show.html.erb within layouts/application (Duration: 1.8ms | GC: 0.0ms)
  Rendered layout layouts/application.html.erb (Duration: 4.1ms | GC: 0.0ms)
Completed 200 OK in 11ms (Views: 4.9ms | ActiveRecord: 0.2ms (1 query, 0 cached) | GC: 0.6ms)


Started GET "/stories/3/edit" for ::1 at 2024-10-06 19:51:17 +0300
Processing by StoriesController#edit as HTML
  Parameters: {"id"=>"3"}
  [1m[36mStory Load (0.1ms)[0m  [1m[34mSELECT "stories".* FROM "stories" WHERE "stories"."id" = ? LIMIT ?[0m  [["id", 3], ["LIMIT", 1]]
  ↳ app/controllers/stories_controller.rb:63:in `set_story'
  Rendering layout layouts/application.html.erb
  Rendering stories/edit.html.erb within layouts/application
  Rendered stories/_form.html.erb (Duration: 2.5ms | GC: 0.0ms)
  Rendered stories/edit.html.erb within layouts/application (Duration: 5.1ms | GC: 0.0ms)
  Rendered layout layouts/application.html.erb (Duration: 10.7ms | GC: 1.3ms)
Completed 200 OK in 14ms (Views: 11.2ms | ActiveRecord: 0.1ms (1 query, 0 cached) | GC: 1.3ms)


Started GET "/stories" for ::1 at 2024-10-06 19:51:19 +0300
Processing by StoriesController#index as HTML
  Rendering layout layouts/application.html.erb
  Rendering stories/index.html.erb within layouts/application
  [1m[36mStory Load (0.1ms)[0m  [1m[34mSELECT "stories".* FROM "stories"[0m
  ↳ app/views/stories/index.html.erb:12
  Rendered stories/_story.html.erb (Duration: 0.3ms | GC: 0.0ms)
  Rendered stories/_story.html.erb (Duration: 0.1ms | GC: 0.0ms)
  Rendered stories/_story.html.erb (Duration: 0.0ms | GC: 0.0ms)
  Rendered stories/_story.html.erb (Duration: 0.0ms | GC: 0.0ms)
  Rendered stories/_story.html.erb (Duration: 0.0ms | GC: 0.0ms)
  Rendered stories/_story.html.erb (Duration: 0.0ms | GC: 0.0ms)
  Rendered stories/_story.html.erb (Duration: 0.0ms | GC: 0.0ms)
  Rendered stories/index.html.erb within layouts/application (Duration: 6.4ms | GC: 0.0ms)
  Rendered layout layouts/application.html.erb (Duration: 8.0ms | GC: 0.0ms)
Completed 200 OK in 9ms (Views: 8.2ms | ActiveRecord: 0.1ms (1 query, 0 cached) | GC: 0.0ms)


Started GET "/stories/new" for ::1 at 2024-10-06 19:51:21 +0300
Processing by StoriesController#new as HTML
  Rendering layout layouts/application.html.erb
  Rendering stories/new.html.erb within layouts/application
  Rendered stories/_form.html.erb (Duration: 1.0ms | GC: 0.0ms)
  Rendered stories/new.html.erb within layouts/application (Duration: 1.5ms | GC: 0.0ms)
  Rendered layout layouts/application.html.erb (Duration: 7.0ms | GC: 0.0ms)
Completed 200 OK in 8ms (Views: 7.4ms | ActiveRecord: 0.0ms (0 queries, 0 cached) | GC: 0.0ms)


Started POST "/stories" for ::1 at 2024-10-06 19:51:26 +0300
Processing by StoriesController#create as TURBO_STREAM
  Parameters: {"authenticity_token"=>"[FILTERED]", "story"=>{"name"=>"SULA", "author"=>"ttttt"}, "commit"=>"Create Story"}
  [1m[36mTRANSACTION (0.0ms)[0m  [1m[36mbegin transaction[0m
  ↳ app/controllers/stories_controller.rb:27:in `block in create'
  [1m[36mStory Create (1.5ms)[0m  [1m[32mINSERT INTO "stories" ("name", "created_at", "updated_at", "author") VALUES (?, ?, ?, ?) RETURNING "id"[0m  [["name", "SULA"], ["created_at", "2024-10-06 16:51:26.087505"], ["updated_at", "2024-10-06 16:51:26.087505"], ["author", "ttttt"]]
  ↳ app/controllers/stories_controller.rb:27:in `block in create'
  [1m[36mTRANSACTION (0.6ms)[0m  [1m[36mcommit transaction[0m
  ↳ app/controllers/stories_controller.rb:27:in `block in create'
Redirected to http://localhost:3000/stories/9
Completed 302 Found in 7ms (ActiveRecord: 2.1ms (1 query, 0 cached) | GC: 0.0ms)


Started GET "/stories/9" for ::1 at 2024-10-06 19:51:26 +0300
Processing by StoriesController#show as TURBO_STREAM
  Parameters: {"id"=>"9"}
  [1m[36mStory Load (0.1ms)[0m  [1m[34mSELECT "stories".* FROM "stories" WHERE "stories"."id" = ? LIMIT ?[0m  [["id", 9], ["LIMIT", 1]]
  ↳ app/controllers/stories_controller.rb:63:in `set_story'
  Rendering layout layouts/application.html.erb
  Rendering stories/show.html.erb within layouts/application
  Rendered stories/_story.html.erb (Duration: 0.1ms | GC: 0.0ms)
  Rendered stories/show.html.erb within layouts/application (Duration: 1.3ms | GC: 0.0ms)
  Rendered layout layouts/application.html.erb (Duration: 3.1ms | GC: 0.0ms)
Completed 200 OK in 7ms (Views: 3.4ms | ActiveRecord: 0.1ms (1 query, 0 cached) | GC: 0.0ms)


Started DELETE "/stories/9" for ::1 at 2024-10-06 19:51:30 +0300
Processing by StoriesController#destroy as TURBO_STREAM
  Parameters: {"authenticity_token"=>"[FILTERED]", "id"=>"9"}
  [1m[36mStory Load (0.1ms)[0m  [1m[34mSELECT "stories".* FROM "stories" WHERE "stories"."id" = ? LIMIT ?[0m  [["id", 9], ["LIMIT", 1]]
  ↳ app/controllers/stories_controller.rb:63:in `set_story'
  [1m[36mTRANSACTION (0.0ms)[0m  [1m[36mbegin transaction[0m
  ↳ app/controllers/stories_controller.rb:52:in `destroy'
  [1m[36mStory Destroy (2.3ms)[0m  [1m[31mDELETE FROM "stories" WHERE "stories"."id" = ?[0m  [["id", 9]]
  ↳ app/controllers/stories_controller.rb:52:in `destroy'
  [1m[36mTRANSACTION (0.1ms)[0m  [1m[36mcommit transaction[0m
  ↳ app/controllers/stories_controller.rb:52:in `destroy'
Redirected to http://localhost:3000/stories
Completed 303 See Other in 8ms (ActiveRecord: 2.5ms (2 queries, 0 cached) | GC: 0.0ms)


Started GET "/stories" for ::1 at 2024-10-06 19:51:30 +0300
Processing by StoriesController#index as TURBO_STREAM
  Rendering layout layouts/application.html.erb
  Rendering stories/index.html.erb within layouts/application
  [1m[36mStory Load (0.1ms)[0m  [1m[34mSELECT "stories".* FROM "stories"[0m
  ↳ app/views/stories/index.html.erb:12
  Rendered stories/_story.html.erb (Duration: 0.1ms | GC: 0.0ms)
  Rendered stories/_story.html.erb (Duration: 0.0ms | GC: 0.0ms)
  Rendered stories/_story.html.erb (Duration: 0.0ms | GC: 0.0ms)
  Rendered stories/_story.html.erb (Duration: 0.0ms | GC: 0.0ms)
  Rendered stories/_story.html.erb (Duration: 0.0ms | GC: 0.0ms)
  Rendered stories/_story.html.erb (Duration: 0.0ms | GC: 0.0ms)
  Rendered stories/_story.html.erb (Duration: 0.0ms | GC: 0.0ms)
  Rendered stories/index.html.erb within layouts/application (Duration: 2.8ms | GC: 0.0ms)
  Rendered layout layouts/application.html.erb (Duration: 5.3ms | GC: 0.5ms)
Completed 200 OK in 8ms (Views: 6.2ms | ActiveRecord: 0.1ms (1 query, 0 cached) | GC: 0.5ms)


Started GET "/stories" for ::1 at 2024-10-06 19:53:08 +0300
Processing by StoriesController#index as HTML
  Rendering layout layouts/application.html.erb
  Rendering stories/index.html.erb within layouts/application
  [1m[36mStory Load (0.3ms)[0m  [1m[34mSELECT "stories".* FROM "stories"[0m
  ↳ app/views/stories/index.html.erb:12
  Rendered stories/_story.html.erb (Duration: 0.2ms | GC: 0.0ms)
  Rendered stories/_story.html.erb (Duration: 0.1ms | GC: 0.0ms)
  Rendered stories/_story.html.erb (Duration: 0.1ms | GC: 0.0ms)
  Rendered stories/_story.html.erb (Duration: 0.0ms | GC: 0.0ms)
  Rendered stories/_story.html.erb (Duration: 0.0ms | GC: 0.0ms)
  Rendered stories/_story.html.erb (Duration: 0.2ms | GC: 0.0ms)
  Rendered stories/_story.html.erb (Duration: 4.6ms | GC: 0.0ms)
  Rendered stories/index.html.erb within layouts/application (Duration: 16.0ms | GC: 0.0ms)
  Rendered layout layouts/application.html.erb (Duration: 20.0ms | GC: 0.3ms)
Completed 200 OK in 22ms (Views: 20.3ms | ActiveRecord: 0.3ms (1 query, 0 cached) | GC: 0.3ms)


Started GET "/manifest.json" for ::1 at 2024-10-06 19:53:08 +0300
Processing by Rails::PwaController#manifest as JSON
  Rendering pwa/manifest.json.erb
  Rendered pwa/manifest.json.erb (Duration: 0.2ms | GC: 0.0ms)
Completed 200 OK in 1ms (Views: 0.6ms | ActiveRecord: 0.0ms (0 queries, 0 cached) | GC: 0.0ms)


